
                         MODELLER 9.15, 2015/05/19, r10497

     PROTEIN STRUCTURE MODELLING BY SATISFACTION OF SPATIAL RESTRAINTS


                     Copyright(c) 1989-2015 Andrej Sali
                            All Rights Reserved

                             Written by A. Sali
                               with help from
              B. Webb, M.S. Madhusudhan, M-Y. Shen, G.Q. Dong,
          M.A. Marti-Renom, N. Eswar, F. Alber, M. Topf, B. Oliva,
             A. Fiser, R. Sanchez, B. Yerkovich, A. Badretdinov,
                     F. Melo, J.P. Overington, E. Feyfant
                 University of California, San Francisco, USA
                    Rockefeller University, New York, USA
                      Harvard University, Cambridge, USA
                   Imperial Cancer Research Fund, London, UK
              Birkbeck College, University of London, London, UK


Kind, OS, HostName, Kernel, Processor: 4, Linux kb-bioinfo01 4.15.0-76-generic x86_64
Date and time of compilation         : 2015/05/19 10:14:57
MODELLER executable type             : x86_64-intel8
Job starting time (YY/MM/DD HH:MM:SS): 2020/05/28 23:55:34

openf___224_> Open           $(LIB)/restyp.lib
openf___224_> Open           ${MODINSTALL9v15}/modlib/resgrp.lib
rdresgr_266_> Number of residue groups:        2
openf___224_> Open           ${MODINSTALL9v15}/modlib/sstruc.lib

Dynamically allocated memory at   amaxlibraries [B,KiB,MiB]:       191566     187.076     0.183

Dynamically allocated memory at   amaxlibraries [B,KiB,MiB]:       192094     187.592     0.183
openf___224_> Open           ${MODINSTALL9v15}/modlib/resdih.lib

Dynamically allocated memory at   amaxlibraries [B,KiB,MiB]:       240694     235.053     0.230
rdrdih__263_> Number of dihedral angle types         :        9
              Maximal number of dihedral angle optima:        3
              Dihedral angle names                   :  Alph Phi Psi Omeg chi1 chi2 chi3 chi4 chi5
openf___224_> Open           ${MODINSTALL9v15}/modlib/radii.lib

Dynamically allocated memory at   amaxlibraries [B,KiB,MiB]:       253994     248.041     0.242
openf___224_> Open           ${MODINSTALL9v15}/modlib/radii14.lib
openf___224_> Open           ${MODINSTALL9v15}/modlib/af_mnchdef.lib
rdwilmo_274_> Mainchain residue conformation classes:  APBLE
openf___224_> Open           ${MODINSTALL9v15}/modlib/mnch.lib
rdclass_257_> Number of classes:        5
openf___224_> Open           ${MODINSTALL9v15}/modlib/mnch1.lib
openf___224_> Open           ${MODINSTALL9v15}/modlib/mnch2.lib
openf___224_> Open           ${MODINSTALL9v15}/modlib/mnch3.lib
openf___224_> Open           ${MODINSTALL9v15}/modlib/xs4.mat
rdrrwgh_268_> Number of residue types:       21
openf___224_> Open           alignment.ali

Dynamically allocated memory at   amaxalignment [B,KiB,MiB]:       265475     259.253     0.253

Dynamically allocated memory at   amaxalignment [B,KiB,MiB]:       266925     260.669     0.255

Dynamically allocated memory at   amaxalignment [B,KiB,MiB]:       269825     263.501     0.257

Dynamically allocated memory at   amaxalignment [B,KiB,MiB]:       275625     269.165     0.263

Dynamically allocated memory at   amaxalignment [B,KiB,MiB]:       287225     280.493     0.274
openf___224_> Open           ./hFAK1_2j0j_al2.pdb

Dynamically allocated memory at   amaxalignment [B,KiB,MiB]:       515881     503.790     0.492

Dynamically allocated memory at    amaxsequence [B,KiB,MiB]:       518361     506.212     0.494

Dynamically allocated memory at    amaxsequence [B,KiB,MiB]:       520965     508.755     0.497

Read the alignment from file       : alignment.ali
Total number of alignment positions:   652

  #  Code        #_Res #_Segm PDB_code    Name
-------------------------------------------------------------------------------
  1  hFAK1_2j0     621      1 hFAK1_2j0j_
  2  hFAK1_2j0     652      1 hFAK1_2j0j_
check_a_343_> >> BEGINNING OF COMMAND
openf___224_> Open           ./hFAK1_2j0j_al2.pdb

Dynamically allocated memory at amaxcoordinates [B,KiB,MiB]:       708990     692.373     0.676

Dynamically allocated memory at    amaxsequence [B,KiB,MiB]:       708990     692.373     0.676

Dynamically allocated memory at amaxcoordinates [B,KiB,MiB]:       709161     692.540     0.676

Dynamically allocated memory at amaxcoordinates [B,KiB,MiB]:       710011     693.370     0.677

Dynamically allocated memory at amaxcoordinates [B,KiB,MiB]:       711269     694.599     0.678

Dynamically allocated memory at amaxcoordinates [B,KiB,MiB]:       713173     696.458     0.680

Dynamically allocated memory at amaxcoordinates [B,KiB,MiB]:       716029     699.247     0.683

Dynamically allocated memory at    amaxsequence [B,KiB,MiB]:       716029     699.247     0.683

Dynamically allocated memory at amaxcoordinates [B,KiB,MiB]:       716119     699.335     0.683

Dynamically allocated memory at    amaxsequence [B,KiB,MiB]:       716119     699.335     0.683

Dynamically allocated memory at amaxcoordinates [B,KiB,MiB]:       716254     699.467     0.683

Dynamically allocated memory at amaxcoordinates [B,KiB,MiB]:       720538     703.650     0.687

Dynamically allocated memory at    amaxsequence [B,KiB,MiB]:       720538     703.650     0.687

Dynamically allocated memory at amaxcoordinates [B,KiB,MiB]:       720736     703.844     0.687

Dynamically allocated memory at amaxcoordinates [B,KiB,MiB]:       727162     710.119     0.693

Dynamically allocated memory at    amaxsequence [B,KiB,MiB]:       727162     710.119     0.693

Dynamically allocated memory at amaxcoordinates [B,KiB,MiB]:       727459     710.409     0.694

Dynamically allocated memory at amaxcoordinates [B,KiB,MiB]:       737081     719.806     0.703

Dynamically allocated memory at    amaxsequence [B,KiB,MiB]:       737081     719.806     0.703

Dynamically allocated memory at amaxcoordinates [B,KiB,MiB]:       737531     720.245     0.703

Dynamically allocated memory at amaxcoordinates [B,KiB,MiB]:       751981     734.356     0.717

Dynamically allocated memory at    amaxsequence [B,KiB,MiB]:       751981     734.356     0.717

Dynamically allocated memory at amaxcoordinates [B,KiB,MiB]:       752656     735.016     0.718

Dynamically allocated memory at amaxcoordinates [B,KiB,MiB]:       774314     756.166     0.738

Dynamically allocated memory at    amaxsequence [B,KiB,MiB]:       774314     756.166     0.738

Dynamically allocated memory at amaxcoordinates [B,KiB,MiB]:       775322     757.150     0.739

Dynamically allocated memory at amaxcoordinates [B,KiB,MiB]:       807826     788.893     0.770

Dynamically allocated memory at    amaxsequence [B,KiB,MiB]:       807826     788.893     0.770

Dynamically allocated memory at amaxcoordinates [B,KiB,MiB]:       809338     790.369     0.772

Dynamically allocated memory at amaxcoordinates [B,KiB,MiB]:       858094     837.982     0.818

Dynamically allocated memory at    amaxsequence [B,KiB,MiB]:       858094     837.982     0.818

Dynamically allocated memory at amaxcoordinates [B,KiB,MiB]:       860362     840.197     0.821

Dynamically allocated memory at amaxcoordinates [B,KiB,MiB]:       933496     911.617     0.890

Dynamically allocated memory at   amaxstructure [B,KiB,MiB]:       932272     910.422     0.889

check_ali___> Checking the sequence-structure alignment. 

Implied target CA(i)-CA(i+1) distances longer than  8.0 angstroms:

ALN_POS  TMPL  RID1  RID2  NAM1  NAM2     DIST
----------------------------------------------
END OF TABLE
check_a_344_> << END OF COMMAND
openf___224_> Open           ${LIB}/top_heav.lib
read_to_681_> topology.submodel read from topology file:        3
openf___224_> Open           ${LIB}/par.lib

Dynamically allocated memory at  amaxparameters [B,KiB,MiB]:      1071524    1046.410     1.022

Dynamically allocated memory at  amaxparameters [B,KiB,MiB]:      1073124    1047.973     1.023

Dynamically allocated memory at  amaxparameters [B,KiB,MiB]:      1077104    1051.859     1.027

Dynamically allocated memory at  amaxparameters [B,KiB,MiB]:      1079104    1053.812     1.029

Dynamically allocated memory at  amaxparameters [B,KiB,MiB]:      1082104    1056.742     1.032

Dynamically allocated memory at  amaxparameters [B,KiB,MiB]:      1086604    1061.137     1.036

Dynamically allocated memory at  amaxparameters [B,KiB,MiB]:      1092176    1066.578     1.042

Dynamically allocated memory at  amaxparameters [B,KiB,MiB]:      1094976    1069.312     1.044

Dynamically allocated memory at  amaxparameters [B,KiB,MiB]:      1099176    1073.414     1.048

Dynamically allocated memory at  amaxparameters [B,KiB,MiB]:      1105476    1079.566     1.054

Dynamically allocated memory at  amaxparameters [B,KiB,MiB]:      1108248    1082.273     1.057

Dynamically allocated memory at  amaxparameters [B,KiB,MiB]:      1109648    1083.641     1.058
read_pa_232_> parameters    BONDS   ANGLS  DIHEDS IMPROPS    MODE
                              227     561     661     112       0

Dynamically allocated memory at       amaxmodel [B,KiB,MiB]:      1211855    1183.452     1.156

Dynamically allocated memory at       amaxmodel [B,KiB,MiB]:      1730275    1689.722     1.650

Dynamically allocated memory at       amaxmodel [B,KiB,MiB]:      1809131    1766.729     1.725

mkilst______> segment topology constructed from sequence and RTF:
              segments residues atoms bonds angles dihedrals impropers:
                     1      652  5271  5389      0         0      2234

Dynamically allocated memory at       amaxmodel [B,KiB,MiB]:      2034311    1986.632     1.940

patch_______> segment topology patched using RTF:     1  ;  ARG  ;  NTER
              segments residues atoms bonds angles dihedrals impropers:
                     1      652  5271  5389   7282      8614      2234


Dynamically allocated memory at       amaxmodel [B,KiB,MiB]:      2263327    2210.280     2.158
patch_______> segment topology patched using RTF:   652  ;  GLN  ;  CTER
              segments residues atoms bonds angles dihedrals impropers:
                     1      652  5272  5390   7284      8616      2235

genseg______> segment topology constructed from sequence and RTF:
              segments residues atoms bonds angles dihedrals impropers:
                     1      652  5272  5390   7284      8616      2235
transfe_506_> MODEL is an average of all templates.
transfe_511_> Number of templates for coordinate transfer:        1
              After transferring coordinates of the equivalent template atoms,
              there are defined, undefined atoms in MODEL:     5037      235
openf___224_> Open           hFAK1_2j0j_al_yl2.ini
wrpdb___568_> Residues, atoms, selected atoms:      652     5272     5272
make_re_417_> Restraint type to be calculated:  stereo

Dynamically allocated memory at  amaxrestraints [B,KiB,MiB]:      2370372    2314.816     2.261

Dynamically allocated memory at  amaxrestraints [B,KiB,MiB]:      2378564    2322.816     2.268

Dynamically allocated memory at  amaxrestraints [B,KiB,MiB]:      2394948    2338.816     2.284

Dynamically allocated memory at  amaxrestraints [B,KiB,MiB]:      2427716    2370.816     2.315

Dynamically allocated memory at  amaxrestraints [B,KiB,MiB]:      2460484    2402.816     2.347

Dynamically allocated memory at  amaxrestraints [B,KiB,MiB]:      2526020    2466.816     2.409

Dynamically allocated memory at  amaxrestraints [B,KiB,MiB]:      2558788    2498.816     2.440

Dynamically allocated memory at  amaxrestraints [B,KiB,MiB]:      2624324    2562.816     2.503

Dynamically allocated memory at  amaxrestraints [B,KiB,MiB]:      2657092    2594.816     2.534

Dynamically allocated memory at  amaxrestraints [B,KiB,MiB]:      2788164    2722.816     2.659

Dynamically allocated memory at  amaxrestraints [B,KiB,MiB]:      2853700    2786.816     2.722

Dynamically allocated memory at  amaxrestraints [B,KiB,MiB]:      2919236    2850.816     2.784

Dynamically allocated memory at  amaxrestraints [B,KiB,MiB]:      3050308    2978.816     2.909

Dynamically allocated memory at  amaxrestraints [B,KiB,MiB]:      3312452    3234.816     3.159

Dynamically allocated memory at  amaxrestraints [B,KiB,MiB]:      3443524    3362.816     3.284

Dynamically allocated memory at  amaxrestraints [B,KiB,MiB]:      3574596    3490.816     3.409

Dynamically allocated memory at  amaxrestraints [B,KiB,MiB]:      3836740    3746.816     3.659

Dynamically allocated memory at  amaxrestraints [B,KiB,MiB]:      4361028    4258.816     4.159

Dynamically allocated memory at  amaxrestraints [B,KiB,MiB]:      4623172    4514.816     4.409
r_stere_606_> Stereochemical restraints were constructed from RTF & PRMF.
              Added bond,angle,dihedral,improper restraints  :     5390    7284    8200    2205
              Total number of restraints before, now         :        0    23079
make_re_422_> Number of previous, current restraints         :        0    23079
make_re_423_> Number of previous, current selected restraints:        0    23079
make_re_417_> Restraint type to be calculated:  phi-psi_binormal

Dynamically allocated memory at   amaxstructure [B,KiB,MiB]:      5003327    4886.062     4.772
openf___224_> Open           ${MODINSTALL9v15}/modlib/mnch1.bin
openf___224_> Open           ${MODINSTALL9v15}/modlib/mnch1.mdt
getdata_643_> Protein accepted:  hFAK1_2j0j_al2
getdata_289_> Proteins (all/accepted):        1        1
make_re_422_> Number of previous, current restraints         :    23079    23729
make_re_423_> Number of previous, current selected restraints:    23079    23729
make_re_417_> Restraint type to be calculated:  omega_dihedral

Dynamically allocated memory at   amaxstructure [B,KiB,MiB]:      5003343    4886.077     4.772
openf___224_> Open           ${MODINSTALL9v15}/modlib/omega.bin
openf___224_> Open           ${MODINSTALL9v15}/modlib/omega.mdt
getdata_643_> Protein accepted:  hFAK1_2j0j_al2
getdata_289_> Proteins (all/accepted):        1        1
omgdel__425_> Unselected all O C +N +CA dihedrals:      681
              (This is to avoid clashes between STEREO
              and OMEGA_DIHEDRAL restraints)
make_re_422_> Number of previous, current restraints         :    23729    24380
make_re_423_> Number of previous, current selected restraints:    23729    23699
make_re_417_> Restraint type to be calculated:  chi1_dihedral

Dynamically allocated memory at   amaxstructure [B,KiB,MiB]:      5003343    4886.077     4.772
openf___224_> Open           ${MODINSTALL9v15}/modlib/chi1234.bin
openf___224_> Open           ${MODINSTALL9v15}/modlib/chi1.mdt
getdata_643_> Protein accepted:  hFAK1_2j0j_al2
getdata_289_> Proteins (all/accepted):        1        1

Dynamically allocated memory at  amaxrestraints [B,KiB,MiB]:      5265487    5142.077     5.022
make_re_422_> Number of previous, current restraints         :    24380    24962
make_re_423_> Number of previous, current selected restraints:    23699    24281
make_re_417_> Restraint type to be calculated:  chi2_dihedral

Dynamically allocated memory at   amaxstructure [B,KiB,MiB]:      5265487    5142.077     5.022
openf___224_> Open           ${MODINSTALL9v15}/modlib/chi1234.bin
openf___224_> Open           ${MODINSTALL9v15}/modlib/chi2.mdt
getdata_643_> Protein accepted:  hFAK1_2j0j_al2
getdata_289_> Proteins (all/accepted):        1        1
make_re_422_> Number of previous, current restraints         :    24962    25412
make_re_423_> Number of previous, current selected restraints:    24281    24731
make_re_417_> Restraint type to be calculated:  chi3_dihedral

Dynamically allocated memory at   amaxstructure [B,KiB,MiB]:      5265487    5142.077     5.022
openf___224_> Open           ${MODINSTALL9v15}/modlib/chi1234.bin
openf___224_> Open           ${MODINSTALL9v15}/modlib/chi3.mdt
getdata_643_> Protein accepted:  hFAK1_2j0j_al2
getdata_289_> Proteins (all/accepted):        1        1
make_re_422_> Number of previous, current restraints         :    25412    25623
make_re_423_> Number of previous, current selected restraints:    24731    24942
make_re_417_> Restraint type to be calculated:  chi4_dihedral

Dynamically allocated memory at   amaxstructure [B,KiB,MiB]:      5265487    5142.077     5.022
openf___224_> Open           ${MODINSTALL9v15}/modlib/chi1234.bin
openf___224_> Open           ${MODINSTALL9v15}/modlib/chi4.mdt
mdtrsr__446W> A potential that relies on one protein is used, yet you have at
              least one known structure available. MDT, not library, potential is used.
getdata_643_> Protein accepted:  hFAK1_2j0j_al2
getdata_289_> Proteins (all/accepted):        1        1
make_re_422_> Number of previous, current restraints         :    25623    25707
make_re_423_> Number of previous, current selected restraints:    24942    25026
make_re_417_> Restraint type to be calculated:  DISTANCE

Dynamically allocated memory at amaxhash_contac [B,KiB,MiB]:      6783787    6624.792     6.470

Dynamically allocated memory at  amaxrestraints [B,KiB,MiB]:      7308075    7136.792     6.970

Dynamically allocated memory at  amaxrestraints [B,KiB,MiB]:      7832363    7648.792     7.470

Dynamically allocated memory at  amaxrestraints [B,KiB,MiB]:      8880939    8672.792     8.470
make_re_422_> Number of previous, current restraints         :    25707    38061
make_re_423_> Number of previous, current selected restraints:    25026    37380
make_re_417_> Restraint type to be calculated:  DISTANCE

Dynamically allocated memory at  amaxrestraints [B,KiB,MiB]:      9405227    9184.792     8.970
make_re_422_> Number of previous, current restraints         :    38061    50165
make_re_423_> Number of previous, current selected restraints:    37380    49484
make_re_417_> Restraint type to be calculated:  DISTANCE
make_re_422_> Number of previous, current restraints         :    50165    60848
make_re_423_> Number of previous, current selected restraints:    49484    60167
make_re_417_> Restraint type to be calculated:  DISTANCE

Dynamically allocated memory at  amaxrestraints [B,KiB,MiB]:     10453803   10208.792     9.970
make_re_422_> Number of previous, current restraints         :    60848    67295
make_re_423_> Number of previous, current selected restraints:    60167    66614
0 atoms in HETATM/BLK residues constrained
to protein atoms within 2.30 angstroms
and protein CA atoms within 10.00 angstroms
make_re_417_> Restraint type to be calculated:  DISTANCE
make_re_422_> Number of previous, current restraints         :    67295    67295
make_re_423_> Number of previous, current selected restraints:    66614    66614
make_re_417_> Restraint type to be calculated:  DISTANCE
make_re_422_> Number of previous, current restraints         :    67295    67295
make_re_423_> Number of previous, current selected restraints:    66614    66614
make_re_417_> Restraint type to be calculated:  DISTANCE
make_re_422_> Number of previous, current restraints         :    67295    67295
make_re_423_> Number of previous, current selected restraints:    66614    66614
make_re_417_> Restraint type to be calculated:  DISTANCE
make_re_422_> Number of previous, current restraints         :    67295    67295
make_re_423_> Number of previous, current selected restraints:    66614    66614
0 atoms in residues without defined topology
constrained to be rigid bodies
make_re_417_> Restraint type to be calculated:  DISTANCE
make_re_422_> Number of previous, current restraints         :    67295    67295
make_re_423_> Number of previous, current selected restraints:    66614    66614
rmdupl__427_>     4071 redundant cosine dihedral restraints were unselected.
condens_443_> Restraints marked for deletion were removed.
              Total number of restraints before, now:    67295    62543
openf___224_> Open           hFAK1_2j0j_al_yl2.rsr
openf___224_> Open           hFAK1_2j0j_al_yl2.rsr

Dynamically allocated memory at  amaxrestraints [B,KiB,MiB]:     10452836   10207.848     9.969

Dynamically allocated memory at  amaxrestraints [B,KiB,MiB]:     12025700   11743.848    11.469
rdcsr2__307_> Number of restraints read    :    62543
              Number of excluded pairs read:        0
              Number of pseudo atoms read  :        0
rdcsrs__304_> Restraints in memory, selected restraints:    62543    62543
              Explicitly excluded atom pairs in memory :        0
              Pseudo atoms in memory                   :        0
257 (of 5272 total) atoms selected for optimization
openf___224_> Open           hFAK1_2j0j_al_yl2.ini

Dynamically allocated memory at       amaxmodel [B,KiB,MiB]:     12025724   11743.871    11.469
read_mo_297_> Segments, residues, atoms:        1      652     5272
read_mo_298_> Segment:        1     1   652     5272
randomi_498_> Atoms,selected atoms,random_seed,amplitude:     5272      257        1        4.0000
randomi_496_> Amplitude is > 0; randomization is done.
pick_re_612_> Number of MODEL atoms, selected restraints;      257     1075
pick_re_612_> Number of MODEL atoms, selected restraints;      257     1089
pick_re_612_> Number of MODEL atoms, selected restraints;      257     1090
pick_re_612_> Number of MODEL atoms, selected restraints;      257     1090
pick_re_612_> Number of MODEL atoms, selected restraints;      257     1090
pick_re_612_> Number of MODEL atoms, selected restraints;      257     1090
pick_re_612_> Number of MODEL atoms, selected restraints;      257     1092
pick_re_612_> Number of MODEL atoms, selected restraints;      257     1101
pick_re_612_> Number of MODEL atoms, selected restraints;      257     1101
pick_re_612_> Number of MODEL atoms, selected restraints;      257     1101

Dynamically allocated memory at  amaxrestraints [B,KiB,MiB]:     12444832   12153.156    11.868
pick_re_612_> Number of MODEL atoms, selected restraints;      257     1109
pick_re_612_> Number of MODEL atoms, selected restraints;      257     1156
pick_re_612_> Number of MODEL atoms, selected restraints;      257     1156
iupac_m_483_> CD1/2 CE1/2 swapped:       90.3117       99    99
iupac_m_397W> Atoms were not swapped because of the uncertainty of how to handle the H atom.
iupac_m_484W> Dihedral still outside +-90:      -91.0934
iupac_m_486_> OE1/2 will be swapped:      159.9381      331   331
iupac_m_486_> OE1/2 will be swapped:      138.6441      333   333
iupac_m_487_> NH1/2 swapped:     -179.7182      334   334
iupac_m_486_> OE1/2 will be swapped:      155.4723      346   346
iupac_m_483_> CD1/2 CE1/2 swapped:       91.2249      476   476
iupac_m_397W> Atoms were not swapped because of the uncertainty of how to handle the H atom.
iupac_m_484W> Dihedral still outside +-90:      -93.1259


>> ENERGY; Differences between the model's features and restraints:
Number of all residues in MODEL                   :      652
Number of all, selected real atoms                :     5272     257
Number of all, selected pseudo atoms              :        0       0
Number of all static, selected restraints         :    62543    1156
COVALENT_CYS                                      :        F
NONBONDED_SEL_ATOMS                               :        1
Number of non-bonded pairs (excluding 1-2,1-3,1-4):      279
Dynamic pairs routine                             : 5, NATM_SEL x NATM double loop
Atomic shift for contacts update (UPDATE_DYNAMIC) :    0.390
LENNARD_JONES_SWITCH                              :    6.500   7.500
COULOMB_JONES_SWITCH                              :    6.500   7.500
RESIDUE_SPAN_RANGE                                :        0   99999
NLOGN_USE                                         :       15
CONTACT_SHELL                                     :    4.000
DYNAMIC_PAIRS,_SPHERE,_COULOMB,_LENNARD,_MODELLER :        T       T       F       F       F
SPHERE_STDV                                       :    0.050
RADII_FACTOR                                      :    0.820
Current energy                                    :         212.7624





Summary of the restraint violations: 

   NUM     ... number of restraints.
   NUMVI   ... number of restraints with RVIOL > VIOL_REPORT_CUT[i].
   RVIOL   ... relative difference from the best value.
   NUMVP   ... number of restraints with -Ln(pdf) > VIOL_REPORT_CUT2[i].
   RMS_1   ... RMS(feature, minimally_violated_basis_restraint, NUMB).
   RMS_2   ... RMS(feature, best_value, NUMB).
   MOL.PDF ... scaled contribution to -Ln(Molecular pdf).

 #                     RESTRAINT_GROUP      NUM   NUMVI  NUMVP   RMS_1   RMS_2         MOL.PDF     S_i
------------------------------------------------------------------------------------------------------
 1 Bond length potential              :     262       0      0   0.003   0.003     0.67824       1.000
 2 Bond angle potential               :     355       0      0   1.693   1.693      19.412       1.000
 3 Stereochemical cosine torsion poten:     148       0      8  58.139  58.139      80.815       1.000
 4 Stereochemical improper torsion pot:      93       0      0   1.127   1.127      2.6456       1.000
 5 Soft-sphere overlap restraints     :     279       0      0   0.002   0.002     0.16135       1.000
 6 Lennard-Jones 6-12 potential       :       0       0      0   0.000   0.000      0.0000       1.000
 7 Coulomb point-point electrostatic p:       0       0      0   0.000   0.000      0.0000       1.000
 8 H-bonding potential                :       0       0      0   0.000   0.000      0.0000       1.000
 9 Distance restraints 1 (CA-CA)      :      44       0      0   0.310   0.310      2.6707       1.000
10 Distance restraints 2 (N-O)        :      45       0      1   0.814   0.814      9.0753       1.000
11 Mainchain Phi dihedral restraints  :       0       0      0   0.000   0.000      0.0000       1.000
12 Mainchain Psi dihedral restraints  :       0       0      0   0.000   0.000      0.0000       1.000
13 Mainchain Omega dihedral restraints:      35       0      1   4.271   4.271      6.7412       1.000
14 Sidechain Chi_1 dihedral restraints:      29       0      0  95.254  95.254      10.486       1.000
15 Sidechain Chi_2 dihedral restraints:      21       0      0  61.568  61.568      6.2253       1.000
16 Sidechain Chi_3 dihedral restraints:      15       0      0 101.036 101.036      10.798       1.000
17 Sidechain Chi_4 dihedral restraints:       5       0      0 120.178 120.178      3.7617       1.000
18 Disulfide distance restraints      :       0       0      0   0.000   0.000      0.0000       1.000
19 Disulfide angle restraints         :       0       0      0   0.000   0.000      0.0000       1.000
20 Disulfide dihedral angle restraints:       0       0      0   0.000   0.000      0.0000       1.000
21 Lower bound distance restraints    :       0       0      0   0.000   0.000      0.0000       1.000
22 Upper bound distance restraints    :       0       0      0   0.000   0.000      0.0000       1.000
23 Distance restraints 3 (SDCH-MNCH)  :      59       0      0   0.421   0.421     0.22233       1.000
24 Sidechain Chi_5 dihedral restraints:       0       0      0   0.000   0.000      0.0000       1.000
25 Phi/Psi pair of dihedral restraints:      36      28      7  42.246 156.143      59.035       1.000
26 Distance restraints 4 (SDCH-SDCH)  :       9       0      0   0.444   0.444     0.33602E-01   1.000
27 Distance restraints 5 (X-Y)        :       0       0      0   0.000   0.000      0.0000       1.000
28 NMR distance restraints 6 (X-Y)    :       0       0      0   0.000   0.000      0.0000       1.000
29 NMR distance restraints 7 (X-Y)    :       0       0      0   0.000   0.000      0.0000       1.000
30 Minimal distance restraints        :       0       0      0   0.000   0.000      0.0000       1.000
31 Non-bonded restraints              :       0       0      0   0.000   0.000      0.0000       1.000
32 Atomic accessibility restraints    :       0       0      0   0.000   0.000      0.0000       1.000
33 Atomic density restraints          :       0       0      0   0.000   0.000      0.0000       1.000
34 Absolute position restraints       :       0       0      0   0.000   0.000      0.0000       1.000
35 Dihedral angle difference restraint:       0       0      0   0.000   0.000      0.0000       1.000
36 GBSA implicit solvent potential    :       0       0      0   0.000   0.000      0.0000       1.000
37 EM density fitting potential       :       0       0      0   0.000   0.000      0.0000       1.000
38 SAXS restraints                    :       0       0      0   0.000   0.000      0.0000       1.000
39 Symmetry restraints                :       0       0      0   0.000   0.000      0.0000       1.000



openf___224_> Open           hFAK1_2j0j_al_yl2.V99990001
# Heavy relative violation of each residue is written to: hFAK1_2j0j_al_yl2.V99990001
# The profile is NOT normalized by the number of restraints.
# The profiles are smoothed over a window of residues:    1
# The sum of all numbers in the file:    7752.3613



List of the violated restraints:
   A restraint is violated when the relative difference
   from the best value (RVIOL) is larger than CUTOFF.

   ICSR   ... index of a restraint in the current set.
   RESNO  ... residue numbers of the first two atoms.
   ATM    ... IUPAC atom names of the first two atoms.
   FEAT   ... the value of the feature in the model.
   restr  ... the mean of the basis restraint with the smallest
              difference from the model (local minimum).
   viol   ... difference from the local minimum.
   rviol  ... relative difference from the local minimum.
   RESTR  ... the best value (global minimum).
   VIOL   ... difference from the best value.
   RVIOL  ... relative difference from the best value.


-------------------------------------------------------------------------------------------------

Feature 25                           : Phi/Psi pair of dihedral restraints     
List of the RVIOL violations larger than   :       6.5000

    #   ICSR  RESNO1/2 ATM1/2   INDATM1/2    FEAT   restr    viol   rviol   RESTR    VIOL   RVIOL
    1  18654 327R 328P C   N    2667 2669  -59.89  -64.50   38.23    2.62  -58.70  139.75   11.45
    1        328P 328P N   CA   2669 2670  109.25  147.20                  -30.50
    2  18655 328P 329Q C   N    2674 2676 -165.73 -121.10   52.26    1.61  -63.80 -176.31   32.14
    2        329Q 329Q N   CA   2676 2677  166.88  139.70                  -40.30
    3  18656 329Q 330K C   N    2683 2685  -86.91  -70.20   16.75    1.20  -62.90  179.30   24.66
    3        330K 330K N   CA   2685 2686  141.52  140.40                  -40.80
    4  18657 330K 331E C   N    2692 2694 -143.67 -117.80   29.31    0.86  -63.60 -172.88   29.43
    4        331E 331E N   CA   2694 2695  150.57  136.80                  -40.30
    5  18658 331E 332G C   N    2701 2703   81.01   78.70   18.28    0.43   82.20  167.27    8.06
    5        332G 332G N   CA   2703 2704  175.77 -166.10                    8.50
    6  18659 332G 333E C   N    2705 2707  -91.10 -117.80   52.08    1.96  -63.60  135.21   16.67
    6        333E 333E N   CA   2707 2708   92.09  136.80                  -40.30
    7  18660 333E 334R C   N    2714 2716 -158.76 -125.20   33.59    1.31  -63.00 -158.76   33.66
    7        334R 334R N   CA   2716 2717  141.91  140.60                  -41.10
    8  18661 334R 335A C   N    2725 2727 -152.37 -134.00   18.82    0.49  -62.50 -169.42   36.04
    8        335A 335A N   CA   2727 2728  151.05  147.00                  -40.90
    9  18662 335A 336L C   N    2730 2732 -112.94 -108.50   14.84    0.75  -63.50  179.09   27.91
    9        336L 336L N   CA   2732 2733  146.67  132.50                  -41.20
   10  18664 337P 338S C   N    2745 2747  149.20 -136.60   82.36    2.55  -64.10 -158.55   25.06
   10        338S 338S N   CA   2747 2748 -173.06  151.20                  -35.00
   11  18667 340P 341K C   N    2766 2768  -77.76  -70.20    9.94    0.60  -62.90  172.98   23.30
   11        341K 341K N   CA   2768 2769  146.86  140.40                  -40.80
   12  18668 341K 342L C   N    2775 2777  -75.02  -70.70   13.84    1.22  -63.50  170.04   22.97
   12        342L 342L N   CA   2777 2778  128.45  141.60                  -41.20
   13  18669 342L 343A C   N    2783 2785 -159.22 -134.00   27.92    0.63  -62.50 -172.93   35.81
   13        343A 343A N   CA   2785 2786  158.98  147.00                  -40.90
   14  18670 343A 344N C   N    2788 2790 -107.99 -119.90   12.73    0.42  -63.20  179.27   20.27
   14        344N 344N N   CA   2790 2791  132.48  137.00                  -41.10
   15  18671 344N 345S C   N    2796 2798 -145.36 -136.60   19.55    0.77  -64.10  176.18   18.60
   15        345S 345S N   CA   2798 2799  168.68  151.20                  -35.00
   16  18672 345S 346E C   N    2802 2804  -72.51  -69.30   12.92    1.09  -63.60  170.52   22.26
   16        346E 346E N   CA   2804 2805  129.99  142.50                  -40.30
   17  18674 347K 348Q C   N    2820 2822  172.54 -121.10   70.10    2.24  -63.80 -159.81   35.50
   17        348Q 348Q N   CA   2822 2823  162.27  139.70                  -40.30
   18  18675 348Q 349G C   N    2829 2831  150.56 -167.20   42.42    0.91   82.20  175.99   11.72
   18        349G 349G N   CA   2831 2832  170.68  174.60                    8.50
   19  18676 349G 350M C   N    2833 2835 -137.25 -125.60   17.49    0.55  -63.40 -178.35   32.95
   19        350M 350M N   CA   2835 2836  153.54  140.50                  -40.50
   20  18677 350M 351R C   N    2841 2843  -72.39  -72.10   13.27    1.03  -63.00  169.99   22.35
   20        351R 351R N   CA   2843 2844  128.63  141.90                  -41.10
   21  18678 351R 352T C   N    2852 2854 -139.11 -124.80   17.48    0.63  -63.20 -178.96   28.18
   21        352T 352T N   CA   2854 2855  153.54  143.50                  -42.10
   22  18679 352T 353H C   N    2859 2861  -98.14 -125.60   48.15    1.27  -63.20  145.80   16.35
   22        353H 353H N   CA   2861 2862   99.25  138.80                  -42.30
   23  18680 353H 354A C   N    2869 2871 -110.45 -134.00   24.53    0.60  -62.50 -174.73   32.90
   23        354A 354A N   CA   2871 2872  140.15  147.00                  -40.90
   24  18682 355V 356S C   N    2881 2883   80.10 -136.60  143.42    5.54  -64.10 -138.56   16.80
   24        356S 356S N   CA   2883 2884  156.95  151.20                  -35.00
   25  18684 357V 358S C   N    2894 2896 -120.02 -136.60   16.87    0.59  -64.10 -174.43   17.34
   25        358S 358S N   CA   2896 2897  148.05  151.20                  -35.00
   26  18685 358S 359E C   N    2900 2902 -156.99 -117.80   41.03    1.25  -63.60 -165.38   31.13
   26        359E 359E N   CA   2902 2903  148.95  136.80                  -40.30
   27  18687 360T 361D C   N    2916 2918  -85.12  -96.50   57.37    2.42   54.50  140.66   15.59
   27        361D 361D N   CA   2918 2919   57.97  114.20                   40.90
   28  18688 361D 362D C   N    2924 2926  -84.97  -63.30   61.89    6.66  -63.30   61.89    6.66
   28        362D 362D N   CA   2926 2927   17.97  -40.00                  -40.00


report______> Distribution of short non-bonded contacts:

  serious non-bonded atom clash:   107  109   2.147
  serious non-bonded atom clash:   963 1175   2.115
  serious non-bonded atom clash:  1236 1681   2.276
  serious non-bonded atom clash:  1237 1680   1.835
  serious non-bonded atom clash:  1237 1685   1.730
  serious non-bonded atom clash:  1237 1687   1.713
  serious non-bonded atom clash:  1238 1680   1.336
  serious non-bonded atom clash:  1238 1681   1.609
  serious non-bonded atom clash:  1238 1685   2.142
  serious non-bonded atom clash:  1238 1687   2.292

DISTANCE1:  0.00 2.10 2.20 2.30 2.40 2.50 2.60 2.70 2.80 2.90 3.00 3.10 3.20 3.30 3.40
DISTANCE2:  2.10 2.20 2.30 2.40 2.50 2.60 2.70 2.80 2.90 3.00 3.10 3.20 3.30 3.40 3.50
FREQUENCY:     5    3    2    4    8   20   25  106  236  351  373  511  668  722  841


<< end of ENERGY.
openf___224_> Open           hFAK1_2j0j_al_yl2.B99990001.pdb
wrpdb___568_> Residues, atoms, selected atoms:      652     5272     5272

>> Summary of successfully produced models:
Filename                          molpdf
----------------------------------------
hFAK1_2j0j_al_yl2.B99990001.pdb      212.76244


Dynamically allocated memory at          finish [B,KiB,MiB]:     12444832   12153.156    11.868
Starting time                                            : 2020/05/28 23:55:34
Closing time                                             : 2020/05/28 23:55:52
Total CPU time [seconds]                                 :      17.61
