
                         MODELLER 9.15, 2015/05/19, r10497

     PROTEIN STRUCTURE MODELLING BY SATISFACTION OF SPATIAL RESTRAINTS


                     Copyright(c) 1989-2015 Andrej Sali
                            All Rights Reserved

                             Written by A. Sali
                               with help from
              B. Webb, M.S. Madhusudhan, M-Y. Shen, G.Q. Dong,
          M.A. Marti-Renom, N. Eswar, F. Alber, M. Topf, B. Oliva,
             A. Fiser, R. Sanchez, B. Yerkovich, A. Badretdinov,
                     F. Melo, J.P. Overington, E. Feyfant
                 University of California, San Francisco, USA
                    Rockefeller University, New York, USA
                      Harvard University, Cambridge, USA
                   Imperial Cancer Research Fund, London, UK
              Birkbeck College, University of London, London, UK


Kind, OS, HostName, Kernel, Processor: 4, Linux kb-bioinfo01 4.15.0-76-generic x86_64
Date and time of compilation         : 2015/05/19 10:14:57
MODELLER executable type             : x86_64-intel8
Job starting time (YY/MM/DD HH:MM:SS): 2020/05/27 23:17:05

openf___224_> Open           $(LIB)/restyp.lib
openf___224_> Open           ${MODINSTALL9v15}/modlib/resgrp.lib
rdresgr_266_> Number of residue groups:        2
openf___224_> Open           ${MODINSTALL9v15}/modlib/sstruc.lib

Dynamically allocated memory at   amaxlibraries [B,KiB,MiB]:       191566     187.076     0.183

Dynamically allocated memory at   amaxlibraries [B,KiB,MiB]:       192094     187.592     0.183
openf___224_> Open           ${MODINSTALL9v15}/modlib/resdih.lib

Dynamically allocated memory at   amaxlibraries [B,KiB,MiB]:       240694     235.053     0.230
rdrdih__263_> Number of dihedral angle types         :        9
              Maximal number of dihedral angle optima:        3
              Dihedral angle names                   :  Alph Phi Psi Omeg chi1 chi2 chi3 chi4 chi5
openf___224_> Open           ${MODINSTALL9v15}/modlib/radii.lib

Dynamically allocated memory at   amaxlibraries [B,KiB,MiB]:       253994     248.041     0.242
openf___224_> Open           ${MODINSTALL9v15}/modlib/radii14.lib
openf___224_> Open           ${MODINSTALL9v15}/modlib/af_mnchdef.lib
rdwilmo_274_> Mainchain residue conformation classes:  APBLE
openf___224_> Open           ${MODINSTALL9v15}/modlib/mnch.lib
rdclass_257_> Number of classes:        5
openf___224_> Open           ${MODINSTALL9v15}/modlib/mnch1.lib
openf___224_> Open           ${MODINSTALL9v15}/modlib/mnch2.lib
openf___224_> Open           ${MODINSTALL9v15}/modlib/mnch3.lib
openf___224_> Open           ${MODINSTALL9v15}/modlib/xs4.mat
rdrrwgh_268_> Number of residue types:       21
openf___224_> Open           alignment.ali

Dynamically allocated memory at   amaxalignment [B,KiB,MiB]:       265475     259.253     0.253

Dynamically allocated memory at   amaxalignment [B,KiB,MiB]:       266925     260.669     0.255

Dynamically allocated memory at   amaxalignment [B,KiB,MiB]:       269825     263.501     0.257

Dynamically allocated memory at   amaxalignment [B,KiB,MiB]:       275625     269.165     0.263

Dynamically allocated memory at   amaxalignment [B,KiB,MiB]:       287225     280.493     0.274
openf___224_> Open           ./2j0j_model1_al.pdb

Dynamically allocated memory at   amaxalignment [B,KiB,MiB]:       515881     503.790     0.492

Dynamically allocated memory at    amaxsequence [B,KiB,MiB]:       518361     506.212     0.494

Dynamically allocated memory at    amaxsequence [B,KiB,MiB]:       520965     508.755     0.497

Read the alignment from file       : alignment.ali
Total number of alignment positions:   652

  #  Code        #_Res #_Segm PDB_code    Name
-------------------------------------------------------------------------------
  1  2j0j_mode     621      1 2j0j_model1
  2  FAK1_2j0j     652      1 FAK1_2j0j_y
check_a_343_> >> BEGINNING OF COMMAND
openf___224_> Open           ./2j0j_model1_al.pdb

Dynamically allocated memory at amaxcoordinates [B,KiB,MiB]:       708990     692.373     0.676

Dynamically allocated memory at    amaxsequence [B,KiB,MiB]:       708990     692.373     0.676

Dynamically allocated memory at amaxcoordinates [B,KiB,MiB]:       709161     692.540     0.676

Dynamically allocated memory at amaxcoordinates [B,KiB,MiB]:       710011     693.370     0.677

Dynamically allocated memory at amaxcoordinates [B,KiB,MiB]:       711269     694.599     0.678

Dynamically allocated memory at amaxcoordinates [B,KiB,MiB]:       713173     696.458     0.680

Dynamically allocated memory at amaxcoordinates [B,KiB,MiB]:       716029     699.247     0.683

Dynamically allocated memory at    amaxsequence [B,KiB,MiB]:       716029     699.247     0.683

Dynamically allocated memory at amaxcoordinates [B,KiB,MiB]:       716119     699.335     0.683

Dynamically allocated memory at    amaxsequence [B,KiB,MiB]:       716119     699.335     0.683

Dynamically allocated memory at amaxcoordinates [B,KiB,MiB]:       716254     699.467     0.683

Dynamically allocated memory at amaxcoordinates [B,KiB,MiB]:       720538     703.650     0.687

Dynamically allocated memory at    amaxsequence [B,KiB,MiB]:       720538     703.650     0.687

Dynamically allocated memory at amaxcoordinates [B,KiB,MiB]:       720736     703.844     0.687

Dynamically allocated memory at amaxcoordinates [B,KiB,MiB]:       727162     710.119     0.693

Dynamically allocated memory at    amaxsequence [B,KiB,MiB]:       727162     710.119     0.693

Dynamically allocated memory at amaxcoordinates [B,KiB,MiB]:       727459     710.409     0.694

Dynamically allocated memory at amaxcoordinates [B,KiB,MiB]:       737081     719.806     0.703

Dynamically allocated memory at    amaxsequence [B,KiB,MiB]:       737081     719.806     0.703

Dynamically allocated memory at amaxcoordinates [B,KiB,MiB]:       737531     720.245     0.703

Dynamically allocated memory at amaxcoordinates [B,KiB,MiB]:       751981     734.356     0.717

Dynamically allocated memory at    amaxsequence [B,KiB,MiB]:       751981     734.356     0.717

Dynamically allocated memory at amaxcoordinates [B,KiB,MiB]:       752656     735.016     0.718

Dynamically allocated memory at amaxcoordinates [B,KiB,MiB]:       774314     756.166     0.738

Dynamically allocated memory at    amaxsequence [B,KiB,MiB]:       774314     756.166     0.738

Dynamically allocated memory at amaxcoordinates [B,KiB,MiB]:       775322     757.150     0.739

Dynamically allocated memory at amaxcoordinates [B,KiB,MiB]:       807826     788.893     0.770

Dynamically allocated memory at    amaxsequence [B,KiB,MiB]:       807826     788.893     0.770

Dynamically allocated memory at amaxcoordinates [B,KiB,MiB]:       809338     790.369     0.772

Dynamically allocated memory at amaxcoordinates [B,KiB,MiB]:       858094     837.982     0.818

Dynamically allocated memory at    amaxsequence [B,KiB,MiB]:       858094     837.982     0.818

Dynamically allocated memory at amaxcoordinates [B,KiB,MiB]:       860362     840.197     0.821

Dynamically allocated memory at amaxcoordinates [B,KiB,MiB]:       933496     911.617     0.890

Dynamically allocated memory at   amaxstructure [B,KiB,MiB]:       932272     910.422     0.889

check_ali___> Checking the sequence-structure alignment. 

Implied target CA(i)-CA(i+1) distances longer than  8.0 angstroms:

ALN_POS  TMPL  RID1  RID2  NAM1  NAM2     DIST
----------------------------------------------
END OF TABLE
check_a_344_> << END OF COMMAND
openf___224_> Open           ${LIB}/top_heav.lib
read_to_681_> topology.submodel read from topology file:        3
openf___224_> Open           ${LIB}/par.lib

Dynamically allocated memory at  amaxparameters [B,KiB,MiB]:      1071524    1046.410     1.022

Dynamically allocated memory at  amaxparameters [B,KiB,MiB]:      1073124    1047.973     1.023

Dynamically allocated memory at  amaxparameters [B,KiB,MiB]:      1077104    1051.859     1.027

Dynamically allocated memory at  amaxparameters [B,KiB,MiB]:      1079104    1053.812     1.029

Dynamically allocated memory at  amaxparameters [B,KiB,MiB]:      1082104    1056.742     1.032

Dynamically allocated memory at  amaxparameters [B,KiB,MiB]:      1086604    1061.137     1.036

Dynamically allocated memory at  amaxparameters [B,KiB,MiB]:      1092176    1066.578     1.042

Dynamically allocated memory at  amaxparameters [B,KiB,MiB]:      1094976    1069.312     1.044

Dynamically allocated memory at  amaxparameters [B,KiB,MiB]:      1099176    1073.414     1.048

Dynamically allocated memory at  amaxparameters [B,KiB,MiB]:      1105476    1079.566     1.054

Dynamically allocated memory at  amaxparameters [B,KiB,MiB]:      1108248    1082.273     1.057

Dynamically allocated memory at  amaxparameters [B,KiB,MiB]:      1109648    1083.641     1.058
read_pa_232_> parameters    BONDS   ANGLS  DIHEDS IMPROPS    MODE
                              227     561     661     112       0

Dynamically allocated memory at       amaxmodel [B,KiB,MiB]:      1211855    1183.452     1.156

Dynamically allocated memory at       amaxmodel [B,KiB,MiB]:      1729295    1688.765     1.649

Dynamically allocated memory at       amaxmodel [B,KiB,MiB]:      1807847    1765.476     1.724

mkilst______> segment topology constructed from sequence and RTF:
              segments residues atoms bonds angles dihedrals impropers:
                     1      652  5261  5375      0         0      2222

Dynamically allocated memory at       amaxmodel [B,KiB,MiB]:      2032159    1984.530     1.938

patch_______> segment topology patched using RTF:     1  ;  ARG  ;  NTER
              segments residues atoms bonds angles dihedrals impropers:
                     1      652  5261  5375   7263      8574      2222


Dynamically allocated memory at       amaxmodel [B,KiB,MiB]:      2261175    2208.179     2.156
patch_______> segment topology patched using RTF:   652  ;  GLN  ;  CTER
              segments residues atoms bonds angles dihedrals impropers:
                     1      652  5262  5376   7265      8576      2223

genseg______> segment topology constructed from sequence and RTF:
              segments residues atoms bonds angles dihedrals impropers:
                     1      652  5262  5376   7265      8576      2223
transfe_506_> MODEL is an average of all templates.
transfe_511_> Number of templates for coordinate transfer:        1
              After transferring coordinates of the equivalent template atoms,
              there are defined, undefined atoms in MODEL:     5025      237
openf___224_> Open           FAK1_2j0j_yl_1.ini
wrpdb___568_> Residues, atoms, selected atoms:      652     5262     5262
make_re_417_> Restraint type to be calculated:  stereo

Dynamically allocated memory at  amaxrestraints [B,KiB,MiB]:      2368220    2312.715     2.259

Dynamically allocated memory at  amaxrestraints [B,KiB,MiB]:      2376412    2320.715     2.266

Dynamically allocated memory at  amaxrestraints [B,KiB,MiB]:      2392796    2336.715     2.282

Dynamically allocated memory at  amaxrestraints [B,KiB,MiB]:      2425564    2368.715     2.313

Dynamically allocated memory at  amaxrestraints [B,KiB,MiB]:      2458332    2400.715     2.344

Dynamically allocated memory at  amaxrestraints [B,KiB,MiB]:      2523868    2464.715     2.407

Dynamically allocated memory at  amaxrestraints [B,KiB,MiB]:      2556636    2496.715     2.438

Dynamically allocated memory at  amaxrestraints [B,KiB,MiB]:      2622172    2560.715     2.501

Dynamically allocated memory at  amaxrestraints [B,KiB,MiB]:      2654940    2592.715     2.532

Dynamically allocated memory at  amaxrestraints [B,KiB,MiB]:      2786012    2720.715     2.657

Dynamically allocated memory at  amaxrestraints [B,KiB,MiB]:      2851548    2784.715     2.719

Dynamically allocated memory at  amaxrestraints [B,KiB,MiB]:      2917084    2848.715     2.782

Dynamically allocated memory at  amaxrestraints [B,KiB,MiB]:      3048156    2976.715     2.907

Dynamically allocated memory at  amaxrestraints [B,KiB,MiB]:      3310300    3232.715     3.157

Dynamically allocated memory at  amaxrestraints [B,KiB,MiB]:      3441372    3360.715     3.282

Dynamically allocated memory at  amaxrestraints [B,KiB,MiB]:      3572444    3488.715     3.407

Dynamically allocated memory at  amaxrestraints [B,KiB,MiB]:      3834588    3744.715     3.657

Dynamically allocated memory at  amaxrestraints [B,KiB,MiB]:      4358876    4256.715     4.157

Dynamically allocated memory at  amaxrestraints [B,KiB,MiB]:      4621020    4512.715     4.407
r_stere_606_> Stereochemical restraints were constructed from RTF & PRMF.
              Added bond,angle,dihedral,improper restraints  :     5376    7265    8160    2193
              Total number of restraints before, now         :        0    22994
make_re_422_> Number of previous, current restraints         :        0    22994
make_re_423_> Number of previous, current selected restraints:        0    22994
make_re_417_> Restraint type to be calculated:  phi-psi_binormal

Dynamically allocated memory at   amaxstructure [B,KiB,MiB]:      5000835    4883.628     4.769
openf___224_> Open           ${MODINSTALL9v15}/modlib/mnch1.bin
openf___224_> Open           ${MODINSTALL9v15}/modlib/mnch1.mdt
getdata_643_> Protein accepted:  2j0j_model1_al
getdata_289_> Proteins (all/accepted):        1        1
make_re_422_> Number of previous, current restraints         :    22994    23644
make_re_423_> Number of previous, current selected restraints:    22994    23644
make_re_417_> Restraint type to be calculated:  omega_dihedral

Dynamically allocated memory at   amaxstructure [B,KiB,MiB]:      5000851    4883.644     4.769
openf___224_> Open           ${MODINSTALL9v15}/modlib/omega.bin
openf___224_> Open           ${MODINSTALL9v15}/modlib/omega.mdt
getdata_643_> Protein accepted:  2j0j_model1_al
getdata_289_> Proteins (all/accepted):        1        1
omgdel__425_> Unselected all O C +N +CA dihedrals:      681
              (This is to avoid clashes between STEREO
              and OMEGA_DIHEDRAL restraints)
make_re_422_> Number of previous, current restraints         :    23644    24295
make_re_423_> Number of previous, current selected restraints:    23644    23614
make_re_417_> Restraint type to be calculated:  chi1_dihedral

Dynamically allocated memory at   amaxstructure [B,KiB,MiB]:      5000851    4883.644     4.769
openf___224_> Open           ${MODINSTALL9v15}/modlib/chi1234.bin
openf___224_> Open           ${MODINSTALL9v15}/modlib/chi1.mdt
getdata_643_> Protein accepted:  2j0j_model1_al
getdata_289_> Proteins (all/accepted):        1        1

Dynamically allocated memory at  amaxrestraints [B,KiB,MiB]:      5262995    5139.644     5.019
make_re_422_> Number of previous, current restraints         :    24295    24875
make_re_423_> Number of previous, current selected restraints:    23614    24194
make_re_417_> Restraint type to be calculated:  chi2_dihedral

Dynamically allocated memory at   amaxstructure [B,KiB,MiB]:      5262995    5139.644     5.019
openf___224_> Open           ${MODINSTALL9v15}/modlib/chi1234.bin
openf___224_> Open           ${MODINSTALL9v15}/modlib/chi2.mdt
getdata_643_> Protein accepted:  2j0j_model1_al
getdata_289_> Proteins (all/accepted):        1        1
make_re_422_> Number of previous, current restraints         :    24875    25328
make_re_423_> Number of previous, current selected restraints:    24194    24647
make_re_417_> Restraint type to be calculated:  chi3_dihedral

Dynamically allocated memory at   amaxstructure [B,KiB,MiB]:      5262995    5139.644     5.019
openf___224_> Open           ${MODINSTALL9v15}/modlib/chi1234.bin
openf___224_> Open           ${MODINSTALL9v15}/modlib/chi3.mdt
getdata_643_> Protein accepted:  2j0j_model1_al
getdata_289_> Proteins (all/accepted):        1        1
make_re_422_> Number of previous, current restraints         :    25328    25539
make_re_423_> Number of previous, current selected restraints:    24647    24858
make_re_417_> Restraint type to be calculated:  chi4_dihedral

Dynamically allocated memory at   amaxstructure [B,KiB,MiB]:      5262995    5139.644     5.019
openf___224_> Open           ${MODINSTALL9v15}/modlib/chi1234.bin
openf___224_> Open           ${MODINSTALL9v15}/modlib/chi4.mdt
mdtrsr__446W> A potential that relies on one protein is used, yet you have at
              least one known structure available. MDT, not library, potential is used.
getdata_643_> Protein accepted:  2j0j_model1_al
getdata_289_> Proteins (all/accepted):        1        1
make_re_422_> Number of previous, current restraints         :    25539    25622
make_re_423_> Number of previous, current selected restraints:    24858    24941
make_re_417_> Restraint type to be calculated:  DISTANCE

Dynamically allocated memory at amaxhash_contac [B,KiB,MiB]:      6778415    6619.546     6.464

Dynamically allocated memory at  amaxrestraints [B,KiB,MiB]:      7302703    7131.546     6.964

Dynamically allocated memory at  amaxrestraints [B,KiB,MiB]:      7826991    7643.546     7.464

Dynamically allocated memory at  amaxrestraints [B,KiB,MiB]:      8875567    8667.546     8.464
make_re_422_> Number of previous, current restraints         :    25622    37975
make_re_423_> Number of previous, current selected restraints:    24941    37294
make_re_417_> Restraint type to be calculated:  DISTANCE

Dynamically allocated memory at  amaxrestraints [B,KiB,MiB]:      9399855    9179.546     8.964
make_re_422_> Number of previous, current restraints         :    37975    50067
make_re_423_> Number of previous, current selected restraints:    37294    49386
make_re_417_> Restraint type to be calculated:  DISTANCE
make_re_422_> Number of previous, current restraints         :    50067    60756
make_re_423_> Number of previous, current selected restraints:    49386    60075
make_re_417_> Restraint type to be calculated:  DISTANCE

Dynamically allocated memory at  amaxrestraints [B,KiB,MiB]:     10448431   10203.546     9.964
make_re_422_> Number of previous, current restraints         :    60756    67121
make_re_423_> Number of previous, current selected restraints:    60075    66440
0 atoms in HETATM/BLK residues constrained
to protein atoms within 2.30 angstroms
and protein CA atoms within 10.00 angstroms
make_re_417_> Restraint type to be calculated:  DISTANCE
make_re_422_> Number of previous, current restraints         :    67121    67121
make_re_423_> Number of previous, current selected restraints:    66440    66440
make_re_417_> Restraint type to be calculated:  DISTANCE
make_re_422_> Number of previous, current restraints         :    67121    67121
make_re_423_> Number of previous, current selected restraints:    66440    66440
make_re_417_> Restraint type to be calculated:  DISTANCE
make_re_422_> Number of previous, current restraints         :    67121    67121
make_re_423_> Number of previous, current selected restraints:    66440    66440
make_re_417_> Restraint type to be calculated:  DISTANCE
make_re_422_> Number of previous, current restraints         :    67121    67121
make_re_423_> Number of previous, current selected restraints:    66440    66440
0 atoms in residues without defined topology
constrained to be rigid bodies
make_re_417_> Restraint type to be calculated:  DISTANCE
make_re_422_> Number of previous, current restraints         :    67121    67121
make_re_423_> Number of previous, current selected restraints:    66440    66440
rmdupl__427_>     4070 redundant cosine dihedral restraints were unselected.
condens_443_> Restraints marked for deletion were removed.
              Total number of restraints before, now:    67121    62370
openf___224_> Open           FAK1_2j0j_yl_1.rsr
openf___224_> Open           FAK1_2j0j_yl_1.rsr

Dynamically allocated memory at  amaxrestraints [B,KiB,MiB]:     10447804   10202.934     9.964

Dynamically allocated memory at  amaxrestraints [B,KiB,MiB]:     12020668   11738.934    11.464
rdcsr2__307_> Number of restraints read    :    62370
              Number of excluded pairs read:        0
              Number of pseudo atoms read  :        0
rdcsrs__304_> Restraints in memory, selected restraints:    62370    62370
              Explicitly excluded atom pairs in memory :        0
              Pseudo atoms in memory                   :        0
259 (of 5262 total) atoms selected for optimization
openf___224_> Open           FAK1_2j0j_yl_1.ini

Dynamically allocated memory at       amaxmodel [B,KiB,MiB]:     12020692   11738.957    11.464
read_mo_297_> Segments, residues, atoms:        1      652     5262
read_mo_298_> Segment:        1     1   652     5262
randomi_498_> Atoms,selected atoms,random_seed,amplitude:     5262      259        1        4.0000
randomi_496_> Amplitude is > 0; randomization is done.
pick_re_612_> Number of MODEL atoms, selected restraints;      259     1088
pick_re_612_> Number of MODEL atoms, selected restraints;      259     1102
pick_re_612_> Number of MODEL atoms, selected restraints;      259     1103
pick_re_612_> Number of MODEL atoms, selected restraints;      259     1103
pick_re_612_> Number of MODEL atoms, selected restraints;      259     1103
pick_re_612_> Number of MODEL atoms, selected restraints;      259     1103
pick_re_612_> Number of MODEL atoms, selected restraints;      259     1105
pick_re_612_> Number of MODEL atoms, selected restraints;      259     1114
pick_re_612_> Number of MODEL atoms, selected restraints;      259     1114
pick_re_612_> Number of MODEL atoms, selected restraints;      259     1114

Dynamically allocated memory at  amaxrestraints [B,KiB,MiB]:     12439560   12148.008    11.863
pick_re_612_> Number of MODEL atoms, selected restraints;      259     1122
pick_re_612_> Number of MODEL atoms, selected restraints;      259     1169
pick_re_612_> Number of MODEL atoms, selected restraints;      259     1169
iupac_m_483_> CD1/2 CE1/2 swapped:       90.3117       99    99
iupac_m_397W> Atoms were not swapped because of the uncertainty of how to handle the H atom.
iupac_m_484W> Dihedral still outside +-90:      -91.0934
iupac_m_486_> OE1/2 will be swapped:     -179.9720      331   331
iupac_m_486_> OE1/2 will be swapped:     -179.8220      333   333
iupac_m_487_> NH1/2 swapped:     -178.3127      334   334
iupac_m_486_> OE1/2 will be swapped:     -158.5284      346   346
iupac_m_487_> NH1/2 swapped:      179.5951      351   351
iupac_m_483_> CD1/2 CE1/2 swapped:       91.2249      476   476
iupac_m_397W> Atoms were not swapped because of the uncertainty of how to handle the H atom.
iupac_m_484W> Dihedral still outside +-90:      -93.1259


>> ENERGY; Differences between the model's features and restraints:
Number of all residues in MODEL                   :      652
Number of all, selected real atoms                :     5262     259
Number of all, selected pseudo atoms              :        0       0
Number of all static, selected restraints         :    62370    1169
COVALENT_CYS                                      :        F
NONBONDED_SEL_ATOMS                               :        1
Number of non-bonded pairs (excluding 1-2,1-3,1-4):      319
Dynamic pairs routine                             : 5, NATM_SEL x NATM double loop
Atomic shift for contacts update (UPDATE_DYNAMIC) :    0.390
LENNARD_JONES_SWITCH                              :    6.500   7.500
COULOMB_JONES_SWITCH                              :    6.500   7.500
RESIDUE_SPAN_RANGE                                :        0   99999
NLOGN_USE                                         :       15
CONTACT_SHELL                                     :    4.000
DYNAMIC_PAIRS,_SPHERE,_COULOMB,_LENNARD,_MODELLER :        T       T       F       F       F
SPHERE_STDV                                       :    0.050
RADII_FACTOR                                      :    0.820
Current energy                                    :         200.0199





Summary of the restraint violations: 

   NUM     ... number of restraints.
   NUMVI   ... number of restraints with RVIOL > VIOL_REPORT_CUT[i].
   RVIOL   ... relative difference from the best value.
   NUMVP   ... number of restraints with -Ln(pdf) > VIOL_REPORT_CUT2[i].
   RMS_1   ... RMS(feature, minimally_violated_basis_restraint, NUMB).
   RMS_2   ... RMS(feature, best_value, NUMB).
   MOL.PDF ... scaled contribution to -Ln(Molecular pdf).

 #                     RESTRAINT_GROUP      NUM   NUMVI  NUMVP   RMS_1   RMS_2         MOL.PDF     S_i
------------------------------------------------------------------------------------------------------
 1 Bond length potential              :     264       0      0   0.003   0.003     0.56911       1.000
 2 Bond angle potential               :     359       0      0   1.723   1.723      20.532       1.000
 3 Stereochemical cosine torsion poten:     152       0      6  53.669  53.669      69.260       1.000
 4 Stereochemical improper torsion pot:      96       0      0   1.071   1.071      2.2806       1.000
 5 Soft-sphere overlap restraints     :     319       0      0   0.002   0.002     0.14100       1.000
 6 Lennard-Jones 6-12 potential       :       0       0      0   0.000   0.000      0.0000       1.000
 7 Coulomb point-point electrostatic p:       0       0      0   0.000   0.000      0.0000       1.000
 8 H-bonding potential                :       0       0      0   0.000   0.000      0.0000       1.000
 9 Distance restraints 1 (CA-CA)      :      44       0      0   0.487   0.487      7.9902       1.000
10 Distance restraints 2 (N-O)        :      45       0      0   0.671   0.671      8.9320       1.000
11 Mainchain Phi dihedral restraints  :       0       0      0   0.000   0.000      0.0000       1.000
12 Mainchain Psi dihedral restraints  :       0       0      0   0.000   0.000      0.0000       1.000
13 Mainchain Omega dihedral restraints:      35       0      0   2.963   2.963      2.8298       1.000
14 Sidechain Chi_1 dihedral restraints:      30       0      0 100.718 100.718      12.265       1.000
15 Sidechain Chi_2 dihedral restraints:      21       0      0  77.626  77.626      7.7461       1.000
16 Sidechain Chi_3 dihedral restraints:      14       0      0 112.672 112.672      10.875       1.000
17 Sidechain Chi_4 dihedral restraints:       5       0      0  89.355  89.355      3.2191       1.000
18 Disulfide distance restraints      :       0       0      0   0.000   0.000      0.0000       1.000
19 Disulfide angle restraints         :       0       0      0   0.000   0.000      0.0000       1.000
20 Disulfide dihedral angle restraints:       0       0      0   0.000   0.000      0.0000       1.000
21 Lower bound distance restraints    :       0       0      0   0.000   0.000      0.0000       1.000
22 Upper bound distance restraints    :       0       0      0   0.000   0.000      0.0000       1.000
23 Distance restraints 3 (SDCH-MNCH)  :      59       0      0   0.558   0.558     0.40474       1.000
24 Sidechain Chi_5 dihedral restraints:       0       0      0   0.000   0.000      0.0000       1.000
25 Phi/Psi pair of dihedral restraints:      36      26      4  32.253 142.106      52.491       1.000
26 Distance restraints 4 (SDCH-SDCH)  :       9       0      0   1.299   1.299     0.48390       1.000
27 Distance restraints 5 (X-Y)        :       0       0      0   0.000   0.000      0.0000       1.000
28 NMR distance restraints 6 (X-Y)    :       0       0      0   0.000   0.000      0.0000       1.000
29 NMR distance restraints 7 (X-Y)    :       0       0      0   0.000   0.000      0.0000       1.000
30 Minimal distance restraints        :       0       0      0   0.000   0.000      0.0000       1.000
31 Non-bonded restraints              :       0       0      0   0.000   0.000      0.0000       1.000
32 Atomic accessibility restraints    :       0       0      0   0.000   0.000      0.0000       1.000
33 Atomic density restraints          :       0       0      0   0.000   0.000      0.0000       1.000
34 Absolute position restraints       :       0       0      0   0.000   0.000      0.0000       1.000
35 Dihedral angle difference restraint:       0       0      0   0.000   0.000      0.0000       1.000
36 GBSA implicit solvent potential    :       0       0      0   0.000   0.000      0.0000       1.000
37 EM density fitting potential       :       0       0      0   0.000   0.000      0.0000       1.000
38 SAXS restraints                    :       0       0      0   0.000   0.000      0.0000       1.000
39 Symmetry restraints                :       0       0      0   0.000   0.000      0.0000       1.000



openf___224_> Open           FAK1_2j0j_yl_1.V99990001
# Heavy relative violation of each residue is written to: FAK1_2j0j_yl_1.V99990001
# The profile is NOT normalized by the number of restraints.
# The profiles are smoothed over a window of residues:    1
# The sum of all numbers in the file:    7100.1748



List of the violated restraints:
   A restraint is violated when the relative difference
   from the best value (RVIOL) is larger than CUTOFF.

   ICSR   ... index of a restraint in the current set.
   RESNO  ... residue numbers of the first two atoms.
   ATM    ... IUPAC atom names of the first two atoms.
   FEAT   ... the value of the feature in the model.
   restr  ... the mean of the basis restraint with the smallest
              difference from the model (local minimum).
   viol   ... difference from the local minimum.
   rviol  ... relative difference from the local minimum.
   RESTR  ... the best value (global minimum).
   VIOL   ... difference from the best value.
   RVIOL  ... relative difference from the best value.


-------------------------------------------------------------------------------------------------

Feature 25                           : Phi/Psi pair of dihedral restraints     
List of the RVIOL violations larger than   :       6.5000

    #   ICSR  RESNO1/2 ATM1/2   INDATM1/2    FEAT   restr    viol   rviol   RESTR    VIOL   RVIOL
    1  18570 327R 328P C   N    2655 2657  -55.43  -64.50   17.00    0.99  -58.70  163.35   13.76
    1        328P 328P N   CA   2657 2658  132.82  147.20                  -30.50
    2  18571 328P 329Q C   N    2662 2664 -146.84 -121.10   27.02    0.87  -63.80 -169.19   32.39
    2        329Q 329Q N   CA   2664 2665  147.91  139.70                  -40.30
    3  18572 329Q 330K C   N    2671 2673  -82.80  -70.20   13.35    1.07  -62.90  177.91   22.09
    3        330K 330K N   CA   2673 2674  135.99  140.40                  -40.80
    4  18573 330K 331E C   N    2680 2682 -152.73 -117.80   39.17    1.15  -63.60 -172.30   29.98
    4        331E 331E N   CA   2682 2683  154.52  136.80                  -40.30
    5  18574 331E 332G C   N    2689 2691   84.31   78.70   25.57    0.51   82.20  160.47    7.90
    5        332G 332G N   CA   2691 2692  168.96 -166.10                    8.50
    6  18575 332G 333E C   N    2693 2695 -131.56 -117.80   20.62    0.68  -63.60 -179.20   27.93
    6        333E 333E N   CA   2695 2696  152.16  136.80                  -40.30
    7  18576 333E 334R C   N    2702 2704 -104.07 -125.20   22.56    0.72  -63.00  178.58   21.66
    7        334R 334R N   CA   2704 2705  132.70  140.60                  -41.10
    8  18577 334R 335A C   N    2713 2715 -105.15 -134.00   34.99    0.86  -62.50  173.41   26.67
    8        335A 335A N   CA   2715 2716  127.19  147.00                  -40.90
    9  18578 335A 336L C   N    2718 2720 -138.59 -108.50   38.61    1.72  -63.50  178.65   29.45
    9        336L 336L N   CA   2720 2721  156.70  132.50                  -41.20
   10  18580 337P 338S C   N    2733 2735 -159.97 -136.60   43.68    1.61  -64.10  167.13   19.03
   10        338S 338S N   CA   2735 2736 -171.90  151.20                  -35.00
   11  18583 340P 341K C   N    2754 2756 -132.13 -118.00   27.85    1.10  -62.90  170.77   26.32
   11        341K 341K N   CA   2756 2757  163.10  139.10                  -40.80
   12  18584 341K 342L C   N    2763 2765  -92.14 -108.50   46.47    2.31  -63.50  133.33   17.09
   12        342L 342L N   CA   2765 2766   89.01  132.50                  -41.20
   13  18585 342L 343A C   N    2771 2773 -177.79 -134.00   46.80    1.08  -62.50 -166.35   37.80
   13        343A 343A N   CA   2773 2774  163.50  147.00                  -40.90
   14  18586 343A 344N C   N    2776 2778 -105.56 -119.90   15.97    0.82  -63.20  179.92   24.90
   14        344N 344N N   CA   2778 2779  144.04  137.00                  -41.10
   15  18587 344N 345N C   N    2784 2786 -116.13 -119.90   66.90    3.12  -63.20  126.69   18.83
   15        345N 345N N   CA   2786 2787 -156.20  137.00                  -41.10
   16  18588 345N 346E C   N    2792 2794  -48.58  -69.30   26.10    1.47  -63.60  167.60   23.18
   16        346E 346E N   CA   2794 2795  126.63  142.50                  -40.30
   17  18589 346E 347K C   N    2801 2803  -75.72  -70.20   10.87    0.67  -62.90  169.92   22.79
   17        347K 347K N   CA   2803 2804  149.77  140.40                  -40.80
   18  18590 347K 348Q C   N    2810 2812 -110.78 -121.10   31.83    1.64  -63.80  157.08   25.60
   18        348Q 348Q N   CA   2812 2813  169.80  139.70                  -40.30
   19  18591 348Q 349G C   N    2819 2821   97.69   78.70   41.95    0.62   82.20  148.80    8.00
   19        349G 349G N   CA   2821 2822  156.49 -166.10                    8.50
   20  18593 350V 351R C   N    2830 2832  -77.07  -72.10   15.20    1.27  -63.00  169.22   21.94
   20        351R 351R N   CA   2832 2833  127.53  141.90                  -41.10
   21  18594 351R 352S C   N    2841 2843  -74.69  -72.40   10.72    0.71  -64.10  177.25   12.25
   21        352S 352S N   CA   2843 2844  141.93  152.40                  -35.00
   22  18595 352S 353H C   N    2847 2849  -83.53  -67.60   31.14    2.76  -63.20  156.87   18.43
   22        353H 353H N   CA   2849 2850  113.25  140.00                  -42.30
   23  18596 353H 354T C   N    2857 2859 -110.42 -124.80   15.99    0.64  -63.20 -175.26   20.92
   23        354T 354T N   CA   2859 2860  136.50  143.50                  -42.10
   24  18601 358S 359E C   N    2890 2892 -131.89 -117.80   34.08    1.38  -63.60  166.52   26.03
   24        359E 359E N   CA   2892 2893  167.83  136.80                  -40.30
   25  18603 360T 361D C   N    2906 2908  -90.42  -96.50   35.17    1.48   54.50  149.99   15.25
   25        361D 361D N   CA   2908 2909   79.56  114.20                   40.90
   26  18604 361D 362D C   N    2914 2916  -89.94  -63.30   63.79    6.79  -63.30   63.79    6.79
   26        362D 362D N   CA   2916 2917   17.97  -40.00                  -40.00


report______> Distribution of short non-bonded contacts:

  serious non-bonded atom clash:   958 1172   2.115

DISTANCE1:  0.00 2.10 2.20 2.30 2.40 2.50 2.60 2.70 2.80 2.90 3.00 3.10 3.20 3.30 3.40
DISTANCE2:  2.10 2.20 2.30 2.40 2.50 2.60 2.70 2.80 2.90 3.00 3.10 3.20 3.30 3.40 3.50
FREQUENCY:     0    1    0    3    5   14   20   99  230  346  384  521  658  719  835


<< end of ENERGY.
openf___224_> Open           FAK1_2j0j_yl_1.B99990001.pdb
wrpdb___568_> Residues, atoms, selected atoms:      652     5262     5262

>> Summary of successfully produced models:
Filename                          molpdf
----------------------------------------
FAK1_2j0j_yl_1.B99990001.pdb      200.01991


Dynamically allocated memory at          finish [B,KiB,MiB]:     12439560   12148.008    11.863
Starting time                                            : 2020/05/27 23:17:05
Closing time                                             : 2020/05/27 23:17:36
Total CPU time [seconds]                                 :      31.01
