
                         MODELLER 9.15, 2015/05/19, r10497

     PROTEIN STRUCTURE MODELLING BY SATISFACTION OF SPATIAL RESTRAINTS


                     Copyright(c) 1989-2015 Andrej Sali
                            All Rights Reserved

                             Written by A. Sali
                               with help from
              B. Webb, M.S. Madhusudhan, M-Y. Shen, G.Q. Dong,
          M.A. Marti-Renom, N. Eswar, F. Alber, M. Topf, B. Oliva,
             A. Fiser, R. Sanchez, B. Yerkovich, A. Badretdinov,
                     F. Melo, J.P. Overington, E. Feyfant
                 University of California, San Francisco, USA
                    Rockefeller University, New York, USA
                      Harvard University, Cambridge, USA
                   Imperial Cancer Research Fund, London, UK
              Birkbeck College, University of London, London, UK


Kind, OS, HostName, Kernel, Processor: 4, Linux kb-bioinfo01 4.15.0-76-generic x86_64
Date and time of compilation         : 2015/05/19 10:14:57
MODELLER executable type             : x86_64-intel8
Job starting time (YY/MM/DD HH:MM:SS): 2020/05/26 23:56:07

openf___224_> Open           $(LIB)/restyp.lib
openf___224_> Open           ${MODINSTALL9v15}/modlib/resgrp.lib
rdresgr_266_> Number of residue groups:        2
openf___224_> Open           ${MODINSTALL9v15}/modlib/sstruc.lib

Dynamically allocated memory at   amaxlibraries [B,KiB,MiB]:       191566     187.076     0.183

Dynamically allocated memory at   amaxlibraries [B,KiB,MiB]:       192094     187.592     0.183
openf___224_> Open           ${MODINSTALL9v15}/modlib/resdih.lib

Dynamically allocated memory at   amaxlibraries [B,KiB,MiB]:       240694     235.053     0.230
rdrdih__263_> Number of dihedral angle types         :        9
              Maximal number of dihedral angle optima:        3
              Dihedral angle names                   :  Alph Phi Psi Omeg chi1 chi2 chi3 chi4 chi5
openf___224_> Open           ${MODINSTALL9v15}/modlib/radii.lib

Dynamically allocated memory at   amaxlibraries [B,KiB,MiB]:       253994     248.041     0.242
openf___224_> Open           ${MODINSTALL9v15}/modlib/radii14.lib
openf___224_> Open           ${MODINSTALL9v15}/modlib/af_mnchdef.lib
rdwilmo_274_> Mainchain residue conformation classes:  APBLE
openf___224_> Open           ${MODINSTALL9v15}/modlib/mnch.lib
rdclass_257_> Number of classes:        5
openf___224_> Open           ${MODINSTALL9v15}/modlib/mnch1.lib
openf___224_> Open           ${MODINSTALL9v15}/modlib/mnch2.lib
openf___224_> Open           ${MODINSTALL9v15}/modlib/mnch3.lib
openf___224_> Open           ${MODINSTALL9v15}/modlib/xs4.mat
rdrrwgh_268_> Number of residue types:       21
openf___224_> Open           alignment.ali

Dynamically allocated memory at   amaxalignment [B,KiB,MiB]:       265475     259.253     0.253

Dynamically allocated memory at   amaxalignment [B,KiB,MiB]:       266925     260.669     0.255

Dynamically allocated memory at   amaxalignment [B,KiB,MiB]:       269825     263.501     0.257

Dynamically allocated memory at   amaxalignment [B,KiB,MiB]:       275625     269.165     0.263

Dynamically allocated memory at   amaxalignment [B,KiB,MiB]:       287225     280.493     0.274
openf___224_> Open           ./2j0kB_model55_al.pdb

Dynamically allocated memory at   amaxalignment [B,KiB,MiB]:       515881     503.790     0.492

Dynamically allocated memory at    amaxsequence [B,KiB,MiB]:       518381     506.231     0.494

Dynamically allocated memory at    amaxsequence [B,KiB,MiB]:       520985     508.774     0.497

Read the alignment from file       : alignment.ali
Total number of alignment positions:   652

  #  Code        #_Res #_Segm PDB_code    Name
-------------------------------------------------------------------------------
  1  2j0kB_mod     626      1 2j0kB_model
  2  FAK1_2j0k     652      1 FAK1_2j0kB_
check_a_343_> >> BEGINNING OF COMMAND
openf___224_> Open           ./2j0kB_model55_al.pdb

Dynamically allocated memory at amaxcoordinates [B,KiB,MiB]:       710510     693.857     0.678

Dynamically allocated memory at    amaxsequence [B,KiB,MiB]:       710510     693.857     0.678

Dynamically allocated memory at amaxcoordinates [B,KiB,MiB]:       710681     694.024     0.678

Dynamically allocated memory at amaxcoordinates [B,KiB,MiB]:       711531     694.854     0.679

Dynamically allocated memory at amaxcoordinates [B,KiB,MiB]:       712789     696.083     0.680

Dynamically allocated memory at amaxcoordinates [B,KiB,MiB]:       714693     697.942     0.682

Dynamically allocated memory at amaxcoordinates [B,KiB,MiB]:       717549     700.731     0.684

Dynamically allocated memory at    amaxsequence [B,KiB,MiB]:       717549     700.731     0.684

Dynamically allocated memory at amaxcoordinates [B,KiB,MiB]:       717639     700.819     0.684

Dynamically allocated memory at    amaxsequence [B,KiB,MiB]:       717639     700.819     0.684

Dynamically allocated memory at amaxcoordinates [B,KiB,MiB]:       717774     700.951     0.685

Dynamically allocated memory at amaxcoordinates [B,KiB,MiB]:       722058     705.135     0.689

Dynamically allocated memory at    amaxsequence [B,KiB,MiB]:       722058     705.135     0.689

Dynamically allocated memory at amaxcoordinates [B,KiB,MiB]:       722256     705.328     0.689

Dynamically allocated memory at amaxcoordinates [B,KiB,MiB]:       728682     711.604     0.695

Dynamically allocated memory at    amaxsequence [B,KiB,MiB]:       728682     711.604     0.695

Dynamically allocated memory at amaxcoordinates [B,KiB,MiB]:       728979     711.894     0.695

Dynamically allocated memory at amaxcoordinates [B,KiB,MiB]:       738601     721.290     0.704

Dynamically allocated memory at    amaxsequence [B,KiB,MiB]:       738601     721.290     0.704

Dynamically allocated memory at amaxcoordinates [B,KiB,MiB]:       739051     721.729     0.705

Dynamically allocated memory at amaxcoordinates [B,KiB,MiB]:       753501     735.841     0.719

Dynamically allocated memory at    amaxsequence [B,KiB,MiB]:       753501     735.841     0.719

Dynamically allocated memory at amaxcoordinates [B,KiB,MiB]:       754176     736.500     0.719

Dynamically allocated memory at amaxcoordinates [B,KiB,MiB]:       775834     757.650     0.740

Dynamically allocated memory at    amaxsequence [B,KiB,MiB]:       775834     757.650     0.740

Dynamically allocated memory at amaxcoordinates [B,KiB,MiB]:       776842     758.635     0.741

Dynamically allocated memory at amaxcoordinates [B,KiB,MiB]:       809346     790.377     0.772

Dynamically allocated memory at    amaxsequence [B,KiB,MiB]:       809346     790.377     0.772

Dynamically allocated memory at amaxcoordinates [B,KiB,MiB]:       810858     791.854     0.773

Dynamically allocated memory at amaxcoordinates [B,KiB,MiB]:       859614     839.467     0.820

Dynamically allocated memory at    amaxsequence [B,KiB,MiB]:       859614     839.467     0.820

Dynamically allocated memory at amaxcoordinates [B,KiB,MiB]:       861882     841.682     0.822

Dynamically allocated memory at amaxcoordinates [B,KiB,MiB]:       935016     913.102     0.892

Dynamically allocated memory at   amaxstructure [B,KiB,MiB]:       933837     911.950     0.891

check_ali___> Checking the sequence-structure alignment. 

Implied target CA(i)-CA(i+1) distances longer than  8.0 angstroms:

ALN_POS  TMPL  RID1  RID2  NAM1  NAM2     DIST
----------------------------------------------
END OF TABLE
check_a_344_> << END OF COMMAND
openf___224_> Open           ${LIB}/top_heav.lib
read_to_681_> topology.submodel read from topology file:        3
openf___224_> Open           ${LIB}/par.lib

Dynamically allocated memory at  amaxparameters [B,KiB,MiB]:      1073089    1047.938     1.023

Dynamically allocated memory at  amaxparameters [B,KiB,MiB]:      1074689    1049.501     1.025

Dynamically allocated memory at  amaxparameters [B,KiB,MiB]:      1078669    1053.388     1.029

Dynamically allocated memory at  amaxparameters [B,KiB,MiB]:      1080669    1055.341     1.031

Dynamically allocated memory at  amaxparameters [B,KiB,MiB]:      1083669    1058.271     1.033

Dynamically allocated memory at  amaxparameters [B,KiB,MiB]:      1088169    1062.665     1.038

Dynamically allocated memory at  amaxparameters [B,KiB,MiB]:      1093741    1068.106     1.043

Dynamically allocated memory at  amaxparameters [B,KiB,MiB]:      1096541    1070.841     1.046

Dynamically allocated memory at  amaxparameters [B,KiB,MiB]:      1100741    1074.942     1.050

Dynamically allocated memory at  amaxparameters [B,KiB,MiB]:      1107041    1081.095     1.056

Dynamically allocated memory at  amaxparameters [B,KiB,MiB]:      1109813    1083.802     1.058

Dynamically allocated memory at  amaxparameters [B,KiB,MiB]:      1111213    1085.169     1.060
read_pa_232_> parameters    BONDS   ANGLS  DIHEDS IMPROPS    MODE
                              227     561     661     112       0

Dynamically allocated memory at       amaxmodel [B,KiB,MiB]:      1213420    1184.980     1.157

Dynamically allocated memory at       amaxmodel [B,KiB,MiB]:      1730860    1690.293     1.651

Dynamically allocated memory at       amaxmodel [B,KiB,MiB]:      1809412    1767.004     1.726

mkilst______> segment topology constructed from sequence and RTF:
              segments residues atoms bonds angles dihedrals impropers:
                     1      652  5261  5375      0         0      2222

Dynamically allocated memory at       amaxmodel [B,KiB,MiB]:      2033724    1986.059     1.940

patch_______> segment topology patched using RTF:     1  ;  ARG  ;  NTER
              segments residues atoms bonds angles dihedrals impropers:
                     1      652  5261  5375   7263      8574      2222


Dynamically allocated memory at       amaxmodel [B,KiB,MiB]:      2262740    2209.707     2.158
patch_______> segment topology patched using RTF:   652  ;  GLN  ;  CTER
              segments residues atoms bonds angles dihedrals impropers:
                     1      652  5262  5376   7265      8576      2223

genseg______> segment topology constructed from sequence and RTF:
              segments residues atoms bonds angles dihedrals impropers:
                     1      652  5262  5376   7265      8576      2223
transfe_506_> MODEL is an average of all templates.
transfe_511_> Number of templates for coordinate transfer:        1
              After transferring coordinates of the equivalent template atoms,
              there are defined, undefined atoms in MODEL:     5063      199
openf___224_> Open           FAK1_2j0kB_yl_55.ini
wrpdb___568_> Residues, atoms, selected atoms:      652     5262     5262
make_re_417_> Restraint type to be calculated:  stereo

Dynamically allocated memory at  amaxrestraints [B,KiB,MiB]:      2369785    2314.243     2.260

Dynamically allocated memory at  amaxrestraints [B,KiB,MiB]:      2377977    2322.243     2.268

Dynamically allocated memory at  amaxrestraints [B,KiB,MiB]:      2394361    2338.243     2.283

Dynamically allocated memory at  amaxrestraints [B,KiB,MiB]:      2427129    2370.243     2.315

Dynamically allocated memory at  amaxrestraints [B,KiB,MiB]:      2459897    2402.243     2.346

Dynamically allocated memory at  amaxrestraints [B,KiB,MiB]:      2525433    2466.243     2.408

Dynamically allocated memory at  amaxrestraints [B,KiB,MiB]:      2558201    2498.243     2.440

Dynamically allocated memory at  amaxrestraints [B,KiB,MiB]:      2623737    2562.243     2.502

Dynamically allocated memory at  amaxrestraints [B,KiB,MiB]:      2656505    2594.243     2.533

Dynamically allocated memory at  amaxrestraints [B,KiB,MiB]:      2787577    2722.243     2.658

Dynamically allocated memory at  amaxrestraints [B,KiB,MiB]:      2853113    2786.243     2.721

Dynamically allocated memory at  amaxrestraints [B,KiB,MiB]:      2918649    2850.243     2.783

Dynamically allocated memory at  amaxrestraints [B,KiB,MiB]:      3049721    2978.243     2.908

Dynamically allocated memory at  amaxrestraints [B,KiB,MiB]:      3311865    3234.243     3.158

Dynamically allocated memory at  amaxrestraints [B,KiB,MiB]:      3442937    3362.243     3.283

Dynamically allocated memory at  amaxrestraints [B,KiB,MiB]:      3574009    3490.243     3.408

Dynamically allocated memory at  amaxrestraints [B,KiB,MiB]:      3836153    3746.243     3.658

Dynamically allocated memory at  amaxrestraints [B,KiB,MiB]:      4360441    4258.243     4.158

Dynamically allocated memory at  amaxrestraints [B,KiB,MiB]:      4622585    4514.243     4.408
r_stere_606_> Stereochemical restraints were constructed from RTF & PRMF.
              Added bond,angle,dihedral,improper restraints  :     5376    7265    8160    2193
              Total number of restraints before, now         :        0    22994
make_re_422_> Number of previous, current restraints         :        0    22994
make_re_423_> Number of previous, current selected restraints:        0    22994
make_re_417_> Restraint type to be calculated:  phi-psi_binormal

Dynamically allocated memory at   amaxstructure [B,KiB,MiB]:      5002400    4885.156     4.771
openf___224_> Open           ${MODINSTALL9v15}/modlib/mnch1.bin
openf___224_> Open           ${MODINSTALL9v15}/modlib/mnch1.mdt
getdata_643_> Protein accepted:  2j0kB_model55_al
getdata_289_> Proteins (all/accepted):        1        1
make_re_422_> Number of previous, current restraints         :    22994    23644
make_re_423_> Number of previous, current selected restraints:    22994    23644
make_re_417_> Restraint type to be calculated:  omega_dihedral

Dynamically allocated memory at   amaxstructure [B,KiB,MiB]:      5002416    4885.172     4.771
openf___224_> Open           ${MODINSTALL9v15}/modlib/omega.bin
openf___224_> Open           ${MODINSTALL9v15}/modlib/omega.mdt
getdata_643_> Protein accepted:  2j0kB_model55_al
getdata_289_> Proteins (all/accepted):        1        1
omgdel__425_> Unselected all O C +N +CA dihedrals:      681
              (This is to avoid clashes between STEREO
              and OMEGA_DIHEDRAL restraints)
make_re_422_> Number of previous, current restraints         :    23644    24295
make_re_423_> Number of previous, current selected restraints:    23644    23614
make_re_417_> Restraint type to be calculated:  chi1_dihedral

Dynamically allocated memory at   amaxstructure [B,KiB,MiB]:      5002416    4885.172     4.771
openf___224_> Open           ${MODINSTALL9v15}/modlib/chi1234.bin
openf___224_> Open           ${MODINSTALL9v15}/modlib/chi1.mdt
getdata_643_> Protein accepted:  2j0kB_model55_al
getdata_289_> Proteins (all/accepted):        1        1

Dynamically allocated memory at  amaxrestraints [B,KiB,MiB]:      5264560    5141.172     5.021
make_re_422_> Number of previous, current restraints         :    24295    24875
make_re_423_> Number of previous, current selected restraints:    23614    24194
make_re_417_> Restraint type to be calculated:  chi2_dihedral

Dynamically allocated memory at   amaxstructure [B,KiB,MiB]:      5264560    5141.172     5.021
openf___224_> Open           ${MODINSTALL9v15}/modlib/chi1234.bin
openf___224_> Open           ${MODINSTALL9v15}/modlib/chi2.mdt
getdata_643_> Protein accepted:  2j0kB_model55_al
getdata_289_> Proteins (all/accepted):        1        1
make_re_422_> Number of previous, current restraints         :    24875    25328
make_re_423_> Number of previous, current selected restraints:    24194    24647
make_re_417_> Restraint type to be calculated:  chi3_dihedral

Dynamically allocated memory at   amaxstructure [B,KiB,MiB]:      5264560    5141.172     5.021
openf___224_> Open           ${MODINSTALL9v15}/modlib/chi1234.bin
openf___224_> Open           ${MODINSTALL9v15}/modlib/chi3.mdt
getdata_643_> Protein accepted:  2j0kB_model55_al
getdata_289_> Proteins (all/accepted):        1        1
make_re_422_> Number of previous, current restraints         :    25328    25539
make_re_423_> Number of previous, current selected restraints:    24647    24858
make_re_417_> Restraint type to be calculated:  chi4_dihedral

Dynamically allocated memory at   amaxstructure [B,KiB,MiB]:      5264560    5141.172     5.021
openf___224_> Open           ${MODINSTALL9v15}/modlib/chi1234.bin
openf___224_> Open           ${MODINSTALL9v15}/modlib/chi4.mdt
mdtrsr__446W> A potential that relies on one protein is used, yet you have at
              least one known structure available. MDT, not library, potential is used.
getdata_643_> Protein accepted:  2j0kB_model55_al
getdata_289_> Proteins (all/accepted):        1        1
make_re_422_> Number of previous, current restraints         :    25539    25622
make_re_423_> Number of previous, current selected restraints:    24858    24941
make_re_417_> Restraint type to be calculated:  DISTANCE

Dynamically allocated memory at amaxhash_contac [B,KiB,MiB]:      6779980    6621.074     6.466

Dynamically allocated memory at  amaxrestraints [B,KiB,MiB]:      7304268    7133.074     6.966

Dynamically allocated memory at  amaxrestraints [B,KiB,MiB]:      7828556    7645.074     7.466

Dynamically allocated memory at  amaxrestraints [B,KiB,MiB]:      8877132    8669.074     8.466
make_re_422_> Number of previous, current restraints         :    25622    38168
make_re_423_> Number of previous, current selected restraints:    24941    37487
make_re_417_> Restraint type to be calculated:  DISTANCE

Dynamically allocated memory at  amaxrestraints [B,KiB,MiB]:      9401420    9181.074     8.966
make_re_422_> Number of previous, current restraints         :    38168    50425
make_re_423_> Number of previous, current selected restraints:    37487    49744
make_re_417_> Restraint type to be calculated:  DISTANCE
make_re_422_> Number of previous, current restraints         :    50425    60924
make_re_423_> Number of previous, current selected restraints:    49744    60243
make_re_417_> Restraint type to be calculated:  DISTANCE

Dynamically allocated memory at  amaxrestraints [B,KiB,MiB]:     10449996   10205.074     9.966
make_re_422_> Number of previous, current restraints         :    60924    67568
make_re_423_> Number of previous, current selected restraints:    60243    66887
0 atoms in HETATM/BLK residues constrained
to protein atoms within 2.30 angstroms
and protein CA atoms within 10.00 angstroms
make_re_417_> Restraint type to be calculated:  DISTANCE
make_re_422_> Number of previous, current restraints         :    67568    67568
make_re_423_> Number of previous, current selected restraints:    66887    66887
make_re_417_> Restraint type to be calculated:  DISTANCE
make_re_422_> Number of previous, current restraints         :    67568    67568
make_re_423_> Number of previous, current selected restraints:    66887    66887
make_re_417_> Restraint type to be calculated:  DISTANCE
make_re_422_> Number of previous, current restraints         :    67568    67568
make_re_423_> Number of previous, current selected restraints:    66887    66887
make_re_417_> Restraint type to be calculated:  DISTANCE
make_re_422_> Number of previous, current restraints         :    67568    67568
make_re_423_> Number of previous, current selected restraints:    66887    66887
0 atoms in residues without defined topology
constrained to be rigid bodies
make_re_417_> Restraint type to be calculated:  DISTANCE
make_re_422_> Number of previous, current restraints         :    67568    67568
make_re_423_> Number of previous, current selected restraints:    66887    66887
rmdupl__427_>     4070 redundant cosine dihedral restraints were unselected.
condens_443_> Restraints marked for deletion were removed.
              Total number of restraints before, now:    67568    62817
openf___224_> Open           FAK1_2j0kB_yl_55.rsr
openf___224_> Open           FAK1_2j0kB_yl_55.rsr

Dynamically allocated memory at  amaxrestraints [B,KiB,MiB]:     10447804   10202.934     9.964

Dynamically allocated memory at  amaxrestraints [B,KiB,MiB]:     12020668   11738.934    11.464
rdcsr2__307_> Number of restraints read    :    62817
              Number of excluded pairs read:        0
              Number of pseudo atoms read  :        0
rdcsrs__304_> Restraints in memory, selected restraints:    62817    62817
              Explicitly excluded atom pairs in memory :        0
              Pseudo atoms in memory                   :        0
259 (of 5262 total) atoms selected for optimization
openf___224_> Open           FAK1_2j0kB_yl_55.ini

Dynamically allocated memory at       amaxmodel [B,KiB,MiB]:     12020692   11738.957    11.464
read_mo_297_> Segments, residues, atoms:        1      652     5262
read_mo_298_> Segment:        1     1   652     5262
randomi_498_> Atoms,selected atoms,random_seed,amplitude:     5262      259        1        4.0000
randomi_496_> Amplitude is > 0; randomization is done.
pick_re_612_> Number of MODEL atoms, selected restraints;      259     1176
pick_re_612_> Number of MODEL atoms, selected restraints;      259     1200
pick_re_612_> Number of MODEL atoms, selected restraints;      259     1202
pick_re_612_> Number of MODEL atoms, selected restraints;      259     1202
pick_re_612_> Number of MODEL atoms, selected restraints;      259     1202
pick_re_612_> Number of MODEL atoms, selected restraints;      259     1203
pick_re_612_> Number of MODEL atoms, selected restraints;      259     1206
pick_re_612_> Number of MODEL atoms, selected restraints;      259     1216
pick_re_612_> Number of MODEL atoms, selected restraints;      259     1216
pick_re_612_> Number of MODEL atoms, selected restraints;      259     1216

Dynamically allocated memory at  amaxrestraints [B,KiB,MiB]:     12439560   12148.008    11.863
pick_re_612_> Number of MODEL atoms, selected restraints;      259     1225
pick_re_612_> Number of MODEL atoms, selected restraints;      259     1254
pick_re_612_> Number of MODEL atoms, selected restraints;      259     1254
iupac_m_487_> NH1/2 swapped:      177.8519      334   334
iupac_m_487_> NH1/2 swapped:      168.6409      351   351
iupac_m_486_> OE1/2 will be swapped:     -169.3096      359   359


>> ENERGY; Differences between the model's features and restraints:
Number of all residues in MODEL                   :      652
Number of all, selected real atoms                :     5262     259
Number of all, selected pseudo atoms              :        0       0
Number of all static, selected restraints         :    62817    1254
COVALENT_CYS                                      :        F
NONBONDED_SEL_ATOMS                               :        1
Number of non-bonded pairs (excluding 1-2,1-3,1-4):      373
Dynamic pairs routine                             : 5, NATM_SEL x NATM double loop
Atomic shift for contacts update (UPDATE_DYNAMIC) :    0.390
LENNARD_JONES_SWITCH                              :    6.500   7.500
COULOMB_JONES_SWITCH                              :    6.500   7.500
RESIDUE_SPAN_RANGE                                :        0   99999
NLOGN_USE                                         :       15
CONTACT_SHELL                                     :    4.000
DYNAMIC_PAIRS,_SPHERE,_COULOMB,_LENNARD,_MODELLER :        T       T       F       F       F
SPHERE_STDV                                       :    0.050
RADII_FACTOR                                      :    0.820
Current energy                                    :         210.0600





Summary of the restraint violations: 

   NUM     ... number of restraints.
   NUMVI   ... number of restraints with RVIOL > VIOL_REPORT_CUT[i].
   RVIOL   ... relative difference from the best value.
   NUMVP   ... number of restraints with -Ln(pdf) > VIOL_REPORT_CUT2[i].
   RMS_1   ... RMS(feature, minimally_violated_basis_restraint, NUMB).
   RMS_2   ... RMS(feature, best_value, NUMB).
   MOL.PDF ... scaled contribution to -Ln(Molecular pdf).

 #                     RESTRAINT_GROUP      NUM   NUMVI  NUMVP   RMS_1   RMS_2         MOL.PDF     S_i
------------------------------------------------------------------------------------------------------
 1 Bond length potential              :     264       0      0   0.005   0.005      1.8040       1.000
 2 Bond angle potential               :     359       0      0   2.148   2.148      28.982       1.000
 3 Stereochemical cosine torsion poten:     152       0     10  54.596  54.596      73.262       1.000
 4 Stereochemical improper torsion pot:      96       0      0   1.274   1.274      3.7470       1.000
 5 Soft-sphere overlap restraints     :     373       0      0   0.005   0.005      1.2128       1.000
 6 Lennard-Jones 6-12 potential       :       0       0      0   0.000   0.000      0.0000       1.000
 7 Coulomb point-point electrostatic p:       0       0      0   0.000   0.000      0.0000       1.000
 8 H-bonding potential                :       0       0      0   0.000   0.000      0.0000       1.000
 9 Distance restraints 1 (CA-CA)      :      43       0      0   0.966   0.966      3.1201       1.000
10 Distance restraints 2 (N-O)        :      49       0      0   0.981   0.981      4.4995       1.000
11 Mainchain Phi dihedral restraints  :       0       0      0   0.000   0.000      0.0000       1.000
12 Mainchain Psi dihedral restraints  :       0       0      0   0.000   0.000      0.0000       1.000
13 Mainchain Omega dihedral restraints:      35       0      0   3.502   3.502      4.2013       1.000
14 Sidechain Chi_1 dihedral restraints:      30       0      0  87.820  87.820      14.872       1.000
15 Sidechain Chi_2 dihedral restraints:      21       0      1  73.605  73.605      13.050       1.000
16 Sidechain Chi_3 dihedral restraints:      14       0      0 104.912 104.912      10.267       1.000
17 Sidechain Chi_4 dihedral restraints:       5       0      0  50.277  50.277      2.0407       1.000
18 Disulfide distance restraints      :       0       0      0   0.000   0.000      0.0000       1.000
19 Disulfide angle restraints         :       0       0      0   0.000   0.000      0.0000       1.000
20 Disulfide dihedral angle restraints:       0       0      0   0.000   0.000      0.0000       1.000
21 Lower bound distance restraints    :       0       0      0   0.000   0.000      0.0000       1.000
22 Upper bound distance restraints    :       0       0      0   0.000   0.000      0.0000       1.000
23 Distance restraints 3 (SDCH-MNCH)  :     136       0      0   1.007   1.007      3.8017       1.000
24 Sidechain Chi_5 dihedral restraints:       0       0      0   0.000   0.000      0.0000       1.000
25 Phi/Psi pair of dihedral restraints:      36      22      5  39.119 134.724      44.900       1.000
26 Distance restraints 4 (SDCH-SDCH)  :      14       0      0   1.265   1.265     0.29971       1.000
27 Distance restraints 5 (X-Y)        :       0       0      0   0.000   0.000      0.0000       1.000
28 NMR distance restraints 6 (X-Y)    :       0       0      0   0.000   0.000      0.0000       1.000
29 NMR distance restraints 7 (X-Y)    :       0       0      0   0.000   0.000      0.0000       1.000
30 Minimal distance restraints        :       0       0      0   0.000   0.000      0.0000       1.000
31 Non-bonded restraints              :       0       0      0   0.000   0.000      0.0000       1.000
32 Atomic accessibility restraints    :       0       0      0   0.000   0.000      0.0000       1.000
33 Atomic density restraints          :       0       0      0   0.000   0.000      0.0000       1.000
34 Absolute position restraints       :       0       0      0   0.000   0.000      0.0000       1.000
35 Dihedral angle difference restraint:       0       0      0   0.000   0.000      0.0000       1.000
36 GBSA implicit solvent potential    :       0       0      0   0.000   0.000      0.0000       1.000
37 EM density fitting potential       :       0       0      0   0.000   0.000      0.0000       1.000
38 SAXS restraints                    :       0       0      0   0.000   0.000      0.0000       1.000
39 Symmetry restraints                :       0       0      0   0.000   0.000      0.0000       1.000



openf___224_> Open           FAK1_2j0kB_yl_55.V99990001
# Heavy relative violation of each residue is written to: FAK1_2j0kB_yl_55.V99990001
# The profile is NOT normalized by the number of restraints.
# The profiles are smoothed over a window of residues:    1
# The sum of all numbers in the file:    6347.5117



List of the violated restraints:
   A restraint is violated when the relative difference
   from the best value (RVIOL) is larger than CUTOFF.

   ICSR   ... index of a restraint in the current set.
   RESNO  ... residue numbers of the first two atoms.
   ATM    ... IUPAC atom names of the first two atoms.
   FEAT   ... the value of the feature in the model.
   restr  ... the mean of the basis restraint with the smallest
              difference from the model (local minimum).
   viol   ... difference from the local minimum.
   rviol  ... relative difference from the local minimum.
   RESTR  ... the best value (global minimum).
   VIOL   ... difference from the best value.
   RVIOL  ... relative difference from the best value.


-------------------------------------------------------------------------------------------------

Feature 25                           : Phi/Psi pair of dihedral restraints     
List of the RVIOL violations larger than   :       6.5000

    #   ICSR  RESNO1/2 ATM1/2   INDATM1/2    FEAT   restr    viol   rviol   RESTR    VIOL   RVIOL
    1  18571 328P 329Q C   N    2662 2664 -171.71 -121.10   59.10    1.82  -63.80 -175.63   32.48
    1        329Q 329Q N   CA   2664 2665  170.21  139.70                  -40.30
    2  18572 329Q 330K C   N    2671 2673 -107.26 -118.00   18.79    0.72  -62.90  170.36   20.14
    2        330K 330K N   CA   2673 2674  123.68  139.10                  -40.80
    3  18573 330K 331E C   N    2680 2682  -71.79  -69.30    5.52    0.33  -63.60  172.47   23.45
    3        331E 331E N   CA   2682 2683  147.43  142.50                  -40.30
    4  18574 331E 332G C   N    2689 2691  -61.62  -80.20   63.28    1.66   82.20  178.14    6.71
    4        332G 332G N   CA   2691 2692  113.61  174.10                    8.50
    5  18575 332G 333E C   N    2693 2695  168.03 -117.80  113.59    3.82  -63.60  160.81   27.60
    5        333E 333E N   CA   2695 2696 -137.16  136.80                  -40.30
    6  18576 333E 334R C   N    2702 2704  -63.92  -72.10    8.86    0.74  -63.00  173.61   23.51
    6        334R 334R N   CA   2704 2705  145.30  141.90                  -41.10
    7  18577 334R 335A C   N    2713 2715  -67.70  -68.20   17.20    1.37  -62.50  169.09   27.46
    7        335A 335A N   CA   2715 2716  128.11  145.30                  -40.90
    8  18578 335A 336L C   N    2718 2720 -115.03 -108.50   27.24    1.53  -63.50  156.01   19.41
    8        336L 336L N   CA   2720 2721  106.06  132.50                  -41.20
    9  18582 339I 340P C   N    2747 2749  -63.26  -58.70    6.58    0.45  -64.50  172.95   12.84
    9        340P 340P N   CA   2749 2750  -25.75  -30.50                  147.20
   10  18583 340P 341K C   N    2754 2756  -68.38  -70.20   22.27    1.57  -62.90  159.10   20.37
   10        341K 341K N   CA   2756 2757  118.20  140.40                  -40.80
   11  18584 341K 342L C   N    2763 2765 -104.91 -108.50   21.60    1.13  -63.50  157.93   19.97
   11        342L 342L N   CA   2765 2766  111.20  132.50                  -41.20
   12  18585 342L 343A C   N    2771 2773  -72.15  -68.20    7.60    0.73  -62.50  179.96   29.03
   12        343A 343A N   CA   2773 2774  138.81  145.30                  -40.90
   13  18586 343A 344N C   N    2776 2778 -108.44 -119.90   12.90    0.40  -63.20  178.01   20.10
   13        344N 344N N   CA   2778 2779  131.06  137.00                  -41.10
   14  18587 344N 345N C   N    2784 2786  -73.46  -71.20   28.44    1.89  -63.20  155.88   18.94
   14        345N 345N N   CA   2786 2787  114.44  142.80                  -41.10
   15  18588 345N 346E C   N    2792 2794  -75.73  -69.30   13.90    1.24  -63.60  170.91   22.15
   15        346E 346E N   CA   2794 2795  130.18  142.50                  -40.30
   16  18589 346E 347K C   N    2801 2803 -150.02 -118.00   33.07    1.40  -62.90 -167.55   22.11
   16        347K 347K N   CA   2803 2804  130.81  139.10                  -40.80
   17  18590 347K 348Q C   N    2810 2812 -159.36 -121.10   42.14    1.31  -63.80 -171.63   32.59
   17        348Q 348Q N   CA   2812 2813  157.36  139.70                  -40.30
   18  18594 351R 352S C   N    2841 2843 -128.51 -136.60   37.87    2.06  -64.10  151.20   15.56
   18        352S 352S N   CA   2843 2844 -171.80  151.20                  -35.00
   19  18598 355V 356S C   N    2871 2873  -76.40  -72.40   13.48    0.67  -64.10  160.20   12.38
   19        356S 356S N   CA   2873 2874  165.27  152.40                  -35.00
   20  18600 357V 358S C   N    2884 2886 -159.47 -136.60   37.26    1.29  -64.10  173.03   19.42
   20        358S 358S N   CA   2886 2887 -179.38  151.20                  -35.00
   21  18601 358S 359E C   N    2890 2892  -90.16  -69.30   52.69    3.28  -63.60  131.52   19.03
   21        359E 359E N   CA   2892 2893 -169.11  142.50                  -40.30
   22  18602 359E 360T C   N    2899 2901  -59.35  -78.10   19.12    1.23  -63.20  164.39   20.83
   22        360T 360T N   CA   2901 2902  153.56  149.80                  -42.10


report______> Distribution of short non-bonded contacts:

  serious non-bonded atom clash:     6   11   2.289
  serious non-bonded atom clash:  2076 2101   2.123
  serious non-bonded atom clash:  2357 2369   2.174
  serious non-bonded atom clash:  3090 3679   2.234

DISTANCE1:  0.00 2.10 2.20 2.30 2.40 2.50 2.60 2.70 2.80 2.90 3.00 3.10 3.20 3.30 3.40
DISTANCE2:  2.10 2.20 2.30 2.40 2.50 2.60 2.70 2.80 2.90 3.00 3.10 3.20 3.30 3.40 3.50
FREQUENCY:     0    2    2    6    5    7   36   87  223  333  355  495  602  724  904


<< end of ENERGY.
openf___224_> Open           FAK1_2j0kB_yl_55.B99990001.pdb
wrpdb___568_> Residues, atoms, selected atoms:      652     5262     5262

>> Summary of successfully produced models:
Filename                          molpdf
----------------------------------------
FAK1_2j0kB_yl_55.B99990001.pdb      210.06004


Dynamically allocated memory at          finish [B,KiB,MiB]:     12439560   12148.008    11.863
Starting time                                            : 2020/05/26 23:56:07
Closing time                                             : 2020/05/26 23:56:24
Total CPU time [seconds]                                 :      17.30
