
                         MODELLER 9.15, 2015/05/19, r10497

     PROTEIN STRUCTURE MODELLING BY SATISFACTION OF SPATIAL RESTRAINTS


                     Copyright(c) 1989-2015 Andrej Sali
                            All Rights Reserved

                             Written by A. Sali
                               with help from
              B. Webb, M.S. Madhusudhan, M-Y. Shen, G.Q. Dong,
          M.A. Marti-Renom, N. Eswar, F. Alber, M. Topf, B. Oliva,
             A. Fiser, R. Sanchez, B. Yerkovich, A. Badretdinov,
                     F. Melo, J.P. Overington, E. Feyfant
                 University of California, San Francisco, USA
                    Rockefeller University, New York, USA
                      Harvard University, Cambridge, USA
                   Imperial Cancer Research Fund, London, UK
              Birkbeck College, University of London, London, UK


Kind, OS, HostName, Kernel, Processor: 4, Linux kb-bioinfo01 4.15.0-76-generic x86_64
Date and time of compilation         : 2015/05/19 10:14:57
MODELLER executable type             : x86_64-intel8
Job starting time (YY/MM/DD HH:MM:SS): 2020/05/28 23:37:50

openf___224_> Open           $(LIB)/restyp.lib
openf___224_> Open           ${MODINSTALL9v15}/modlib/resgrp.lib
rdresgr_266_> Number of residue groups:        2
openf___224_> Open           ${MODINSTALL9v15}/modlib/sstruc.lib

Dynamically allocated memory at   amaxlibraries [B,KiB,MiB]:       191566     187.076     0.183

Dynamically allocated memory at   amaxlibraries [B,KiB,MiB]:       192094     187.592     0.183
openf___224_> Open           ${MODINSTALL9v15}/modlib/resdih.lib

Dynamically allocated memory at   amaxlibraries [B,KiB,MiB]:       240694     235.053     0.230
rdrdih__263_> Number of dihedral angle types         :        9
              Maximal number of dihedral angle optima:        3
              Dihedral angle names                   :  Alph Phi Psi Omeg chi1 chi2 chi3 chi4 chi5
openf___224_> Open           ${MODINSTALL9v15}/modlib/radii.lib

Dynamically allocated memory at   amaxlibraries [B,KiB,MiB]:       253994     248.041     0.242
openf___224_> Open           ${MODINSTALL9v15}/modlib/radii14.lib
openf___224_> Open           ${MODINSTALL9v15}/modlib/af_mnchdef.lib
rdwilmo_274_> Mainchain residue conformation classes:  APBLE
openf___224_> Open           ${MODINSTALL9v15}/modlib/mnch.lib
rdclass_257_> Number of classes:        5
openf___224_> Open           ${MODINSTALL9v15}/modlib/mnch1.lib
openf___224_> Open           ${MODINSTALL9v15}/modlib/mnch2.lib
openf___224_> Open           ${MODINSTALL9v15}/modlib/mnch3.lib
openf___224_> Open           ${MODINSTALL9v15}/modlib/xs4.mat
rdrrwgh_268_> Number of residue types:       21
openf___224_> Open           alignment.ali

Dynamically allocated memory at   amaxalignment [B,KiB,MiB]:       265475     259.253     0.253

Dynamically allocated memory at   amaxalignment [B,KiB,MiB]:       266925     260.669     0.255

Dynamically allocated memory at   amaxalignment [B,KiB,MiB]:       269825     263.501     0.257

Dynamically allocated memory at   amaxalignment [B,KiB,MiB]:       275625     269.165     0.263

Dynamically allocated memory at   amaxalignment [B,KiB,MiB]:       287225     280.493     0.274
openf___224_> Open           ./2j0j_final_tot_clean_retromut.pdb

Dynamically allocated memory at   amaxalignment [B,KiB,MiB]:       515881     503.790     0.492

Dynamically allocated memory at    amaxsequence [B,KiB,MiB]:       518321     506.173     0.494

Dynamically allocated memory at    amaxsequence [B,KiB,MiB]:       520801     508.595     0.497

Read the alignment from file       : alignment.ali
Total number of alignment positions:   621

  #  Code        #_Res #_Segm PDB_code    Name
-------------------------------------------------------------------------------
  1  2j0j_fina     611      1 2j0j_final_
  2  hFAK1_2j0     621      1 hFAK1_2j0j_
check_a_343_> >> BEGINNING OF COMMAND
openf___224_> Open           ./2j0j_final_tot_clean_retromut.pdb

Dynamically allocated memory at amaxcoordinates [B,KiB,MiB]:       705826     689.283     0.673

Dynamically allocated memory at    amaxsequence [B,KiB,MiB]:       705826     689.283     0.673

Dynamically allocated memory at amaxcoordinates [B,KiB,MiB]:       705997     689.450     0.673

Dynamically allocated memory at amaxcoordinates [B,KiB,MiB]:       706847     690.280     0.674

Dynamically allocated memory at amaxcoordinates [B,KiB,MiB]:       708105     691.509     0.675

Dynamically allocated memory at amaxcoordinates [B,KiB,MiB]:       710009     693.368     0.677

Dynamically allocated memory at amaxcoordinates [B,KiB,MiB]:       712865     696.157     0.680

Dynamically allocated memory at    amaxsequence [B,KiB,MiB]:       712865     696.157     0.680

Dynamically allocated memory at amaxcoordinates [B,KiB,MiB]:       712955     696.245     0.680

Dynamically allocated memory at    amaxsequence [B,KiB,MiB]:       712955     696.245     0.680

Dynamically allocated memory at amaxcoordinates [B,KiB,MiB]:       713090     696.377     0.680

Dynamically allocated memory at amaxcoordinates [B,KiB,MiB]:       717374     700.561     0.684

Dynamically allocated memory at    amaxsequence [B,KiB,MiB]:       717374     700.561     0.684

Dynamically allocated memory at amaxcoordinates [B,KiB,MiB]:       717572     700.754     0.684

Dynamically allocated memory at amaxcoordinates [B,KiB,MiB]:       723998     707.029     0.690

Dynamically allocated memory at    amaxsequence [B,KiB,MiB]:       723998     707.029     0.690

Dynamically allocated memory at amaxcoordinates [B,KiB,MiB]:       724295     707.319     0.691

Dynamically allocated memory at amaxcoordinates [B,KiB,MiB]:       733917     716.716     0.700

Dynamically allocated memory at    amaxsequence [B,KiB,MiB]:       733917     716.716     0.700

Dynamically allocated memory at amaxcoordinates [B,KiB,MiB]:       734367     717.155     0.700

Dynamically allocated memory at amaxcoordinates [B,KiB,MiB]:       748817     731.267     0.714

Dynamically allocated memory at    amaxsequence [B,KiB,MiB]:       748817     731.267     0.714

Dynamically allocated memory at amaxcoordinates [B,KiB,MiB]:       749492     731.926     0.715

Dynamically allocated memory at amaxcoordinates [B,KiB,MiB]:       771150     753.076     0.735

Dynamically allocated memory at    amaxsequence [B,KiB,MiB]:       771150     753.076     0.735

Dynamically allocated memory at amaxcoordinates [B,KiB,MiB]:       772158     754.061     0.736

Dynamically allocated memory at amaxcoordinates [B,KiB,MiB]:       804662     785.803     0.767

Dynamically allocated memory at    amaxsequence [B,KiB,MiB]:       804662     785.803     0.767

Dynamically allocated memory at amaxcoordinates [B,KiB,MiB]:       804662     785.803     0.767

Dynamically allocated memory at    amaxsequence [B,KiB,MiB]:       804662     785.803     0.767

Dynamically allocated memory at amaxcoordinates [B,KiB,MiB]:       806174     787.279     0.769

Dynamically allocated memory at amaxcoordinates [B,KiB,MiB]:       854930     834.893     0.815

Dynamically allocated memory at    amaxsequence [B,KiB,MiB]:       854930     834.893     0.815

Dynamically allocated memory at amaxcoordinates [B,KiB,MiB]:       857198     837.107     0.817

Dynamically allocated memory at amaxcoordinates [B,KiB,MiB]:       930332     908.527     0.887

Dynamically allocated memory at   amaxstructure [B,KiB,MiB]:       929018     907.244     0.886

check_ali___> Checking the sequence-structure alignment. 

Implied target CA(i)-CA(i+1) distances longer than  8.0 angstroms:

ALN_POS  TMPL  RID1  RID2  NAM1  NAM2     DIST
----------------------------------------------
    328     1  362   394      P     T   26.842
END OF TABLE
check_a_344_> << END OF COMMAND
openf___224_> Open           ${LIB}/top_heav.lib
read_to_681_> topology.submodel read from topology file:        3
openf___224_> Open           ${LIB}/par.lib

Dynamically allocated memory at  amaxparameters [B,KiB,MiB]:      1068270    1043.232     1.019

Dynamically allocated memory at  amaxparameters [B,KiB,MiB]:      1069870    1044.795     1.020

Dynamically allocated memory at  amaxparameters [B,KiB,MiB]:      1073850    1048.682     1.024

Dynamically allocated memory at  amaxparameters [B,KiB,MiB]:      1075850    1050.635     1.026

Dynamically allocated memory at  amaxparameters [B,KiB,MiB]:      1078850    1053.564     1.029

Dynamically allocated memory at  amaxparameters [B,KiB,MiB]:      1083350    1057.959     1.033

Dynamically allocated memory at  amaxparameters [B,KiB,MiB]:      1088922    1063.400     1.038

Dynamically allocated memory at  amaxparameters [B,KiB,MiB]:      1091722    1066.135     1.041

Dynamically allocated memory at  amaxparameters [B,KiB,MiB]:      1095922    1070.236     1.045

Dynamically allocated memory at  amaxparameters [B,KiB,MiB]:      1102222    1076.389     1.051

Dynamically allocated memory at  amaxparameters [B,KiB,MiB]:      1104994    1079.096     1.054

Dynamically allocated memory at  amaxparameters [B,KiB,MiB]:      1106394    1080.463     1.055
read_pa_232_> parameters    BONDS   ANGLS  DIHEDS IMPROPS    MODE
                              227     561     661     112       0

Dynamically allocated memory at       amaxmodel [B,KiB,MiB]:      1203734    1175.521     1.148

Dynamically allocated memory at       amaxmodel [B,KiB,MiB]:      1699124    1659.301     1.620

Dynamically allocated memory at       amaxmodel [B,KiB,MiB]:      1774700    1733.105     1.692

mkilst______> segment topology constructed from sequence and RTF:
              segments residues atoms bonds angles dihedrals impropers:
                     1      621  5036  5151      0         0      2148

Dynamically allocated memory at       amaxmodel [B,KiB,MiB]:      1990068    1943.426     1.898

patch_______> segment topology patched using RTF:     1  ;  ARG  ;  NTER
              segments residues atoms bonds angles dihedrals impropers:
                     1      621  5036  5151   6963      8240      2148


Dynamically allocated memory at       amaxmodel [B,KiB,MiB]:      2219084    2167.074     2.116
patch_______> segment topology patched using RTF:   621  ;  GLN  ;  CTER
              segments residues atoms bonds angles dihedrals impropers:
                     1      621  5037  5152   6965      8242      2149

genseg______> segment topology constructed from sequence and RTF:
              segments residues atoms bonds angles dihedrals impropers:
                     1      621  5037  5152   6965      8242      2149
transfe_506_> MODEL is an average of all templates.
transfe_511_> Number of templates for coordinate transfer:        1
              After transferring coordinates of the equivalent template atoms,
              there are defined, undefined atoms in MODEL:     4912      125
openf___224_> Open           hFAK1_2j0j_al.ini
wrpdb___568_> Residues, atoms, selected atoms:      621     5037     5037
make_re_417_> Restraint type to be calculated:  stereo

Dynamically allocated memory at  amaxrestraints [B,KiB,MiB]:      2326129    2271.610     2.218

Dynamically allocated memory at  amaxrestraints [B,KiB,MiB]:      2334321    2279.610     2.226

Dynamically allocated memory at  amaxrestraints [B,KiB,MiB]:      2350705    2295.610     2.242

Dynamically allocated memory at  amaxrestraints [B,KiB,MiB]:      2383473    2327.610     2.273

Dynamically allocated memory at  amaxrestraints [B,KiB,MiB]:      2416241    2359.610     2.304

Dynamically allocated memory at  amaxrestraints [B,KiB,MiB]:      2481777    2423.610     2.367

Dynamically allocated memory at  amaxrestraints [B,KiB,MiB]:      2514545    2455.610     2.398

Dynamically allocated memory at  amaxrestraints [B,KiB,MiB]:      2580081    2519.610     2.461

Dynamically allocated memory at  amaxrestraints [B,KiB,MiB]:      2612849    2551.610     2.492

Dynamically allocated memory at  amaxrestraints [B,KiB,MiB]:      2743921    2679.610     2.617

Dynamically allocated memory at  amaxrestraints [B,KiB,MiB]:      2809457    2743.610     2.679

Dynamically allocated memory at  amaxrestraints [B,KiB,MiB]:      2874993    2807.610     2.742

Dynamically allocated memory at  amaxrestraints [B,KiB,MiB]:      3006065    2935.610     2.867

Dynamically allocated memory at  amaxrestraints [B,KiB,MiB]:      3268209    3191.610     3.117

Dynamically allocated memory at  amaxrestraints [B,KiB,MiB]:      3399281    3319.610     3.242

Dynamically allocated memory at  amaxrestraints [B,KiB,MiB]:      3530353    3447.610     3.367

Dynamically allocated memory at  amaxrestraints [B,KiB,MiB]:      3792497    3703.610     3.617

Dynamically allocated memory at  amaxrestraints [B,KiB,MiB]:      4316785    4215.610     4.117

Dynamically allocated memory at  amaxrestraints [B,KiB,MiB]:      4578929    4471.610     4.367
r_stere_606_> Stereochemical restraints were constructed from RTF & PRMF.
              Added bond,angle,dihedral,improper restraints  :     5152    6965    7841    2121
              Total number of restraints before, now         :        0    22079
make_re_422_> Number of previous, current restraints         :        0    22079
make_re_423_> Number of previous, current selected restraints:        0    22079
make_re_417_> Restraint type to be calculated:  phi-psi_binormal

Dynamically allocated memory at   amaxstructure [B,KiB,MiB]:      4941515    4825.698     4.713
openf___224_> Open           ${MODINSTALL9v15}/modlib/mnch1.bin
openf___224_> Open           ${MODINSTALL9v15}/modlib/mnch1.mdt
getdata_643_> Protein accepted:  2j0j_final_tot_clean_retromut
getdata_289_> Proteins (all/accepted):        1        1
make_re_422_> Number of previous, current restraints         :    22079    22698
make_re_423_> Number of previous, current selected restraints:    22079    22698
make_re_417_> Restraint type to be calculated:  omega_dihedral

Dynamically allocated memory at   amaxstructure [B,KiB,MiB]:      4941531    4825.714     4.713
openf___224_> Open           ${MODINSTALL9v15}/modlib/omega.bin
openf___224_> Open           ${MODINSTALL9v15}/modlib/omega.mdt
getdata_643_> Protein accepted:  2j0j_final_tot_clean_retromut
getdata_289_> Proteins (all/accepted):        1        1
omgdel__425_> Unselected all O C +N +CA dihedrals:      648
              (This is to avoid clashes between STEREO
              and OMEGA_DIHEDRAL restraints)
make_re_422_> Number of previous, current restraints         :    22698    23318
make_re_423_> Number of previous, current selected restraints:    22698    22670
make_re_417_> Restraint type to be calculated:  chi1_dihedral

Dynamically allocated memory at   amaxstructure [B,KiB,MiB]:      4941531    4825.714     4.713
openf___224_> Open           ${MODINSTALL9v15}/modlib/chi1234.bin
openf___224_> Open           ${MODINSTALL9v15}/modlib/chi1.mdt
getdata_643_> Protein accepted:  2j0j_final_tot_clean_retromut
getdata_289_> Proteins (all/accepted):        1        1

Dynamically allocated memory at  amaxrestraints [B,KiB,MiB]:      5203675    5081.714     4.963
make_re_422_> Number of previous, current restraints         :    23318    23874
make_re_423_> Number of previous, current selected restraints:    22670    23226
make_re_417_> Restraint type to be calculated:  chi2_dihedral

Dynamically allocated memory at   amaxstructure [B,KiB,MiB]:      5203675    5081.714     4.963
openf___224_> Open           ${MODINSTALL9v15}/modlib/chi1234.bin
openf___224_> Open           ${MODINSTALL9v15}/modlib/chi2.mdt
getdata_643_> Protein accepted:  2j0j_final_tot_clean_retromut
getdata_289_> Proteins (all/accepted):        1        1
make_re_422_> Number of previous, current restraints         :    23874    24305
make_re_423_> Number of previous, current selected restraints:    23226    23657
make_re_417_> Restraint type to be calculated:  chi3_dihedral

Dynamically allocated memory at   amaxstructure [B,KiB,MiB]:      5203675    5081.714     4.963
openf___224_> Open           ${MODINSTALL9v15}/modlib/chi1234.bin
openf___224_> Open           ${MODINSTALL9v15}/modlib/chi3.mdt
getdata_643_> Protein accepted:  2j0j_final_tot_clean_retromut
getdata_289_> Proteins (all/accepted):        1        1
make_re_422_> Number of previous, current restraints         :    24305    24502
make_re_423_> Number of previous, current selected restraints:    23657    23854
make_re_417_> Restraint type to be calculated:  chi4_dihedral

Dynamically allocated memory at   amaxstructure [B,KiB,MiB]:      5203675    5081.714     4.963
openf___224_> Open           ${MODINSTALL9v15}/modlib/chi1234.bin
openf___224_> Open           ${MODINSTALL9v15}/modlib/chi4.mdt
mdtrsr__446W> A potential that relies on one protein is used, yet you have at
              least one known structure available. MDT, not library, potential is used.
getdata_643_> Protein accepted:  2j0j_final_tot_clean_retromut
getdata_289_> Proteins (all/accepted):        1        1
make_re_422_> Number of previous, current restraints         :    24502    24581
make_re_423_> Number of previous, current selected restraints:    23854    23933
make_re_417_> Restraint type to be calculated:  DISTANCE

Dynamically allocated memory at amaxhash_contac [B,KiB,MiB]:      6654295    6498.335     6.346

Dynamically allocated memory at  amaxrestraints [B,KiB,MiB]:      7178583    7010.335     6.846

Dynamically allocated memory at  amaxrestraints [B,KiB,MiB]:      7702871    7522.335     7.346
make_re_422_> Number of previous, current restraints         :    24581    36746
make_re_423_> Number of previous, current selected restraints:    23933    36098
make_re_417_> Restraint type to be calculated:  DISTANCE

Dynamically allocated memory at  amaxrestraints [B,KiB,MiB]:      8751447    8546.335     8.346

Dynamically allocated memory at  amaxrestraints [B,KiB,MiB]:      9275735    9058.335     8.846
make_re_422_> Number of previous, current restraints         :    36746    48667
make_re_423_> Number of previous, current selected restraints:    36098    48019
make_re_417_> Restraint type to be calculated:  DISTANCE
make_re_422_> Number of previous, current restraints         :    48667    58961
make_re_423_> Number of previous, current selected restraints:    48019    58313
make_re_417_> Restraint type to be calculated:  DISTANCE
make_re_422_> Number of previous, current restraints         :    58961    65122
make_re_423_> Number of previous, current selected restraints:    58313    64474
0 atoms in HETATM/BLK residues constrained
to protein atoms within 2.30 angstroms
and protein CA atoms within 10.00 angstroms
make_re_417_> Restraint type to be calculated:  DISTANCE
make_re_422_> Number of previous, current restraints         :    65122    65122
make_re_423_> Number of previous, current selected restraints:    64474    64474
make_re_417_> Restraint type to be calculated:  DISTANCE
make_re_422_> Number of previous, current restraints         :    65122    65122
make_re_423_> Number of previous, current selected restraints:    64474    64474
make_re_417_> Restraint type to be calculated:  DISTANCE
make_re_422_> Number of previous, current restraints         :    65122    65122
make_re_423_> Number of previous, current selected restraints:    64474    64474
make_re_417_> Restraint type to be calculated:  DISTANCE
make_re_422_> Number of previous, current restraints         :    65122    65122
make_re_423_> Number of previous, current selected restraints:    64474    64474
0 atoms in residues without defined topology
constrained to be rigid bodies
make_re_417_> Restraint type to be calculated:  DISTANCE
make_re_422_> Number of previous, current restraints         :    65122    65122
make_re_423_> Number of previous, current selected restraints:    64474    64474
rmdupl__427_>     3873 redundant cosine dihedral restraints were unselected.
condens_443_> Restraints marked for deletion were removed.
              Total number of restraints before, now:    65122    60601
openf___224_> Open           hFAK1_2j0j_al.rsr
openf___224_> Open           hFAK1_2j0j_al.rsr

Dynamically allocated memory at  amaxrestraints [B,KiB,MiB]:      9295591    9077.726     8.865

Dynamically allocated memory at  amaxrestraints [B,KiB,MiB]:     10868455   10613.726    10.365
rdcsr2__307_> Number of restraints read    :    60601
              Number of excluded pairs read:        0
              Number of pseudo atoms read  :        0
rdcsrs__304_> Restraints in memory, selected restraints:    60601    60601
              Explicitly excluded atom pairs in memory :        0
              Pseudo atoms in memory                   :        0
197 (of 5037 total) atoms selected for optimization
openf___224_> Open           hFAK1_2j0j_al.ini

Dynamically allocated memory at       amaxmodel [B,KiB,MiB]:     10868479   10613.749    10.365
read_mo_297_> Segments, residues, atoms:        1      621     5037
read_mo_298_> Segment:        1     1   621     5037
randomi_498_> Atoms,selected atoms,random_seed,amplitude:     5037      197        1        4.0000
randomi_496_> Amplitude is > 0; randomization is done.
pick_re_612_> Number of MODEL atoms, selected restraints;      197     1160
pick_re_612_> Number of MODEL atoms, selected restraints;      197     1261
pick_re_612_> Number of MODEL atoms, selected restraints;      197     1342
pick_re_612_> Number of MODEL atoms, selected restraints;      197     1434
pick_re_612_> Number of MODEL atoms, selected restraints;      197     1610
pick_re_612_> Number of MODEL atoms, selected restraints;      197     1715
pick_re_612_> Number of MODEL atoms, selected restraints;      197     2110
pick_re_612_> Number of MODEL atoms, selected restraints;      197     2244
pick_re_612_> Number of MODEL atoms, selected restraints;      197     2255
pick_re_612_> Number of MODEL atoms, selected restraints;      197     2265

Dynamically allocated memory at  amaxrestraints [B,KiB,MiB]:     11281947   11017.526    10.759
pick_re_612_> Number of MODEL atoms, selected restraints;      197     2265
pick_re_612_> Number of MODEL atoms, selected restraints;      197     2422
pick_re_612_> Number of MODEL atoms, selected restraints;      197     2422
iupac_m_487_> NH1/2 swapped:     -180.0000       57    57
iupac_m_483_> CD1/2 CE1/2 swapped:      -91.0934       99    99
iupac_m_397W> Atoms were not swapped because of the uncertainty of how to handle the H atom.
iupac_m_484W> Dihedral still outside +-90:       90.3117
iupac_m_483_> CD1/2 CE1/2 swapped:      -93.1259      445   445
iupac_m_397W> Atoms were not swapped because of the uncertainty of how to handle the H atom.
iupac_m_484W> Dihedral still outside +-90:       91.2249


>> ENERGY; Differences between the model's features and restraints:
Number of all residues in MODEL                   :      621
Number of all, selected real atoms                :     5037     197
Number of all, selected pseudo atoms              :        0       0
Number of all static, selected restraints         :    60601    2422
COVALENT_CYS                                      :        F
NONBONDED_SEL_ATOMS                               :        1
Number of non-bonded pairs (excluding 1-2,1-3,1-4):      426
Dynamic pairs routine                             : 5, NATM_SEL x NATM double loop
Atomic shift for contacts update (UPDATE_DYNAMIC) :    0.390
LENNARD_JONES_SWITCH                              :    6.500   7.500
COULOMB_JONES_SWITCH                              :    6.500   7.500
RESIDUE_SPAN_RANGE                                :        0   99999
NLOGN_USE                                         :       15
CONTACT_SHELL                                     :    4.000
DYNAMIC_PAIRS,_SPHERE,_COULOMB,_LENNARD,_MODELLER :        T       T       F       F       F
SPHERE_STDV                                       :    0.050
RADII_FACTOR                                      :    0.820
Current energy                                    :         171.9170





Summary of the restraint violations: 

   NUM     ... number of restraints.
   NUMVI   ... number of restraints with RVIOL > VIOL_REPORT_CUT[i].
   RVIOL   ... relative difference from the best value.
   NUMVP   ... number of restraints with -Ln(pdf) > VIOL_REPORT_CUT2[i].
   RMS_1   ... RMS(feature, minimally_violated_basis_restraint, NUMB).
   RMS_2   ... RMS(feature, best_value, NUMB).
   MOL.PDF ... scaled contribution to -Ln(Molecular pdf).

 #                     RESTRAINT_GROUP      NUM   NUMVI  NUMVP   RMS_1   RMS_2         MOL.PDF     S_i
------------------------------------------------------------------------------------------------------
 1 Bond length potential              :     205       0      0   0.005   0.005      1.6415       1.000
 2 Bond angle potential               :     278       0      0   2.372   2.372      29.302       1.000
 3 Stereochemical cosine torsion poten:     145       0      8  50.941  50.941      56.944       1.000
 4 Stereochemical improper torsion pot:      85       0      0   1.119   1.119      2.6404       1.000
 5 Soft-sphere overlap restraints     :     426       0      0   0.004   0.004     0.61712       1.000
 6 Lennard-Jones 6-12 potential       :       0       0      0   0.000   0.000      0.0000       1.000
 7 Coulomb point-point electrostatic p:       0       0      0   0.000   0.000      0.0000       1.000
 8 H-bonding potential                :       0       0      0   0.000   0.000      0.0000       1.000
 9 Distance restraints 1 (CA-CA)      :     568       0      0   0.170   0.170      9.6234       1.000
10 Distance restraints 2 (N-O)        :     469       0      0   0.349   0.349      13.257       1.000
11 Mainchain Phi dihedral restraints  :       0       0      0   0.000   0.000      0.0000       1.000
12 Mainchain Psi dihedral restraints  :       0       0      0   0.000   0.000      0.0000       1.000
13 Mainchain Omega dihedral restraints:      25       3      1  60.954  60.954      8.2110       1.000
14 Sidechain Chi_1 dihedral restraints:      21       0      0  59.162  59.162      1.8984       1.000
15 Sidechain Chi_2 dihedral restraints:      17       0      0  81.023  81.023      5.9115       1.000
16 Sidechain Chi_3 dihedral restraints:      10       0      0  51.642  51.642      5.8262       1.000
17 Sidechain Chi_4 dihedral restraints:       4       0      0  82.582  82.582      2.9191       1.000
18 Disulfide distance restraints      :       0       0      0   0.000   0.000      0.0000       1.000
19 Disulfide angle restraints         :       0       0      0   0.000   0.000      0.0000       1.000
20 Disulfide dihedral angle restraints:       0       0      0   0.000   0.000      0.0000       1.000
21 Lower bound distance restraints    :       0       0      0   0.000   0.000      0.0000       1.000
22 Upper bound distance restraints    :       0       0      0   0.000   0.000      0.0000       1.000
23 Distance restraints 3 (SDCH-MNCH)  :     293       0      0   0.515   0.515      3.9064       1.000
24 Sidechain Chi_5 dihedral restraints:       0       0      0   0.000   0.000      0.0000       1.000
25 Phi/Psi pair of dihedral restraints:      26       8      6  35.447  93.303      25.952       1.000
26 Distance restraints 4 (SDCH-SDCH)  :     276       0      0   0.452   0.452      3.2653       1.000
27 Distance restraints 5 (X-Y)        :       0       0      0   0.000   0.000      0.0000       1.000
28 NMR distance restraints 6 (X-Y)    :       0       0      0   0.000   0.000      0.0000       1.000
29 NMR distance restraints 7 (X-Y)    :       0       0      0   0.000   0.000      0.0000       1.000
30 Minimal distance restraints        :       0       0      0   0.000   0.000      0.0000       1.000
31 Non-bonded restraints              :       0       0      0   0.000   0.000      0.0000       1.000
32 Atomic accessibility restraints    :       0       0      0   0.000   0.000      0.0000       1.000
33 Atomic density restraints          :       0       0      0   0.000   0.000      0.0000       1.000
34 Absolute position restraints       :       0       0      0   0.000   0.000      0.0000       1.000
35 Dihedral angle difference restraint:       0       0      0   0.000   0.000      0.0000       1.000
36 GBSA implicit solvent potential    :       0       0      0   0.000   0.000      0.0000       1.000
37 EM density fitting potential       :       0       0      0   0.000   0.000      0.0000       1.000
38 SAXS restraints                    :       0       0      0   0.000   0.000      0.0000       1.000
39 Symmetry restraints                :       0       0      0   0.000   0.000      0.0000       1.000



openf___224_> Open           hFAK1_2j0j_al.V99990001
# Heavy relative violation of each residue is written to: hFAK1_2j0j_al.V99990001
# The profile is NOT normalized by the number of restraints.
# The profiles are smoothed over a window of residues:    1
# The sum of all numbers in the file:    4303.7466



List of the violated restraints:
   A restraint is violated when the relative difference
   from the best value (RVIOL) is larger than CUTOFF.

   ICSR   ... index of a restraint in the current set.
   RESNO  ... residue numbers of the first two atoms.
   ATM    ... IUPAC atom names of the first two atoms.
   FEAT   ... the value of the feature in the model.
   restr  ... the mean of the basis restraint with the smallest
              difference from the model (local minimum).
   viol   ... difference from the local minimum.
   rviol  ... relative difference from the local minimum.
   RESTR  ... the best value (global minimum).
   VIOL   ... difference from the best value.
   RVIOL  ... relative difference from the best value.


-------------------------------------------------------------------------------------------------

Feature 13                           : Mainchain Omega dihedral restraints     
List of the RVIOL violations larger than   :       4.5000

    #   ICSR  RESNO1/2 ATM1/2   INDATM1/2    FEAT   restr    viol   rviol   RESTR    VIOL   RVIOL
    1  18682 505Y 505Y CA  C    4084 4093   -4.41 -179.18  174.78   40.62 -179.18  174.78   40.62
    2  18683 506M 506M CA  C    4096 4101   -2.88 -179.18  176.30   40.97 -179.18  176.30   40.97

-------------------------------------------------------------------------------------------------

Feature 25                           : Phi/Psi pair of dihedral restraints     
List of the RVIOL violations larger than   :       6.5000

    #   ICSR  RESNO1/2 ATM1/2   INDATM1/2    FEAT   restr    viol   rviol   RESTR    VIOL   RVIOL
    1  18066 508D 509S C   N    4118 4120 -160.27 -136.60   43.15    1.57  -64.10  167.97   19.11
    1        509S 509S N   CA   4120 4121 -172.72  151.20                  -35.00
    2  18067 509S 510T C   N    4124 4126 -113.37 -124.80   14.89    0.90  -63.20  172.32   25.44
    2        510T 510T N   CA   4126 4127  153.04  143.50                  -42.10
    3  18068 510T 511Y C   N    4131 4133 -131.47 -124.30   55.59    2.65  -63.50  143.22   26.01
    3        511Y 511Y N   CA   4133 4134 -169.47  135.40                  -43.40
    4  18069 511Y 512Y C   N    4143 4145  -79.21  -98.40   63.29    6.54  -63.50  112.59   17.08
    4        512Y 512Y N   CA   4145 4146   68.09  128.40                  -43.40
    5  18070 512Y 513K C   N    4155 4157  170.35 -118.00   71.70    2.66  -62.90 -141.98   35.79
    5        513K 513K N   CA   4157 4158  141.82  139.10                  -40.80
    6  18071 513K 514A C   N    4164 4166  -70.39  -68.20   14.12    1.21  -62.50  172.44   27.88
    6        514A 514A N   CA   4166 4167  131.36  145.30                  -40.90
    7  18073 515S 516K C   N    4175 4177   55.41   56.60    1.42    0.11  -62.90  142.91   24.87
    7        516K 516K N   CA   4177 4178   39.37   38.60                  -40.80
    8  18075 517G 518K C   N    4188 4190   66.50   56.60   24.42    1.23  -62.90  141.43   24.68
    8        518K 518K N   CA   4190 4191   16.28   38.60                  -40.80


report______> Distribution of short non-bonded contacts:

  serious non-bonded atom clash:   107  109   2.147
  serious non-bonded atom clash:   963 1175   2.115
  serious non-bonded atom clash:  1236 1681   2.276
  serious non-bonded atom clash:  1237 1680   1.835
  serious non-bonded atom clash:  1237 1685   1.730
  serious non-bonded atom clash:  1237 1687   1.713
  serious non-bonded atom clash:  1238 1680   1.336
  serious non-bonded atom clash:  1238 1681   1.609
  serious non-bonded atom clash:  1238 1685   2.142
  serious non-bonded atom clash:  1238 1687   2.292

DISTANCE1:  0.00 2.10 2.20 2.30 2.40 2.50 2.60 2.70 2.80 2.90 3.00 3.10 3.20 3.30 3.40
DISTANCE2:  2.10 2.20 2.30 2.40 2.50 2.60 2.70 2.80 2.90 3.00 3.10 3.20 3.30 3.40 3.50
FREQUENCY:     5    3    2    4    8   18   27   95  236  338  360  498  641  703  828


<< end of ENERGY.
openf___224_> Open           hFAK1_2j0j_al.B99990001.pdb
wrpdb___568_> Residues, atoms, selected atoms:      621     5037     5037
openf___224_> Open           hFAK1_2j0j_al.ini

Dynamically allocated memory at       amaxmodel [B,KiB,MiB]:     11281971   11017.550    10.759
read_mo_297_> Segments, residues, atoms:        1      621     5037
read_mo_298_> Segment:        1     1   621     5037
randomi_498_> Atoms,selected atoms,random_seed,amplitude:     5037      197        1        4.0000
randomi_496_> Amplitude is > 0; randomization is done.
pick_re_612_> Number of MODEL atoms, selected restraints;      197     1160
pick_re_612_> Number of MODEL atoms, selected restraints;      197     1261
pick_re_612_> Number of MODEL atoms, selected restraints;      197     1342
pick_re_612_> Number of MODEL atoms, selected restraints;      197     1434
pick_re_612_> Number of MODEL atoms, selected restraints;      197     1610
pick_re_612_> Number of MODEL atoms, selected restraints;      197     1715
pick_re_612_> Number of MODEL atoms, selected restraints;      197     2110
pick_re_612_> Number of MODEL atoms, selected restraints;      197     2244
pick_re_612_> Number of MODEL atoms, selected restraints;      197     2255
pick_re_612_> Number of MODEL atoms, selected restraints;      197     2265
pick_re_612_> Number of MODEL atoms, selected restraints;      197     2265
pick_re_612_> Number of MODEL atoms, selected restraints;      197     2422
pick_re_612_> Number of MODEL atoms, selected restraints;      197     2422
iupac_m_487_> NH1/2 swapped:     -180.0000       57    57
iupac_m_483_> CD1/2 CE1/2 swapped:      -91.0934       99    99
iupac_m_397W> Atoms were not swapped because of the uncertainty of how to handle the H atom.
iupac_m_484W> Dihedral still outside +-90:       90.3117
iupac_m_483_> CD1/2 CE1/2 swapped:      -93.1259      445   445
iupac_m_397W> Atoms were not swapped because of the uncertainty of how to handle the H atom.
iupac_m_484W> Dihedral still outside +-90:       91.2249
iupac_m_486_> OE1/2 will be swapped:     -179.7626      507   507
iupac_m_485_> OD1/2 will be swapped:     -170.6313      508   508


>> ENERGY; Differences between the model's features and restraints:
Number of all residues in MODEL                   :      621
Number of all, selected real atoms                :     5037     197
Number of all, selected pseudo atoms              :        0       0
Number of all static, selected restraints         :    60601    2422
COVALENT_CYS                                      :        F
NONBONDED_SEL_ATOMS                               :        1
Number of non-bonded pairs (excluding 1-2,1-3,1-4):      431
Dynamic pairs routine                             : 5, NATM_SEL x NATM double loop
Atomic shift for contacts update (UPDATE_DYNAMIC) :    0.390
LENNARD_JONES_SWITCH                              :    6.500   7.500
COULOMB_JONES_SWITCH                              :    6.500   7.500
RESIDUE_SPAN_RANGE                                :        0   99999
NLOGN_USE                                         :       15
CONTACT_SHELL                                     :    4.000
DYNAMIC_PAIRS,_SPHERE,_COULOMB,_LENNARD,_MODELLER :        T       T       F       F       F
SPHERE_STDV                                       :    0.050
RADII_FACTOR                                      :    0.820
Current energy                                    :         151.0009





Summary of the restraint violations: 

   NUM     ... number of restraints.
   NUMVI   ... number of restraints with RVIOL > VIOL_REPORT_CUT[i].
   RVIOL   ... relative difference from the best value.
   NUMVP   ... number of restraints with -Ln(pdf) > VIOL_REPORT_CUT2[i].
   RMS_1   ... RMS(feature, minimally_violated_basis_restraint, NUMB).
   RMS_2   ... RMS(feature, best_value, NUMB).
   MOL.PDF ... scaled contribution to -Ln(Molecular pdf).

 #                     RESTRAINT_GROUP      NUM   NUMVI  NUMVP   RMS_1   RMS_2         MOL.PDF     S_i
------------------------------------------------------------------------------------------------------
 1 Bond length potential              :     205       0      0   0.005   0.005      1.3648       1.000
 2 Bond angle potential               :     278       0      0   2.210   2.210      25.748       1.000
 3 Stereochemical cosine torsion poten:     145       0      4  45.235  45.235      47.056       1.000
 4 Stereochemical improper torsion pot:      85       0      0   1.185   1.185      2.9842       1.000
 5 Soft-sphere overlap restraints     :     431       0      0   0.003   0.003     0.42282       1.000
 6 Lennard-Jones 6-12 potential       :       0       0      0   0.000   0.000      0.0000       1.000
 7 Coulomb point-point electrostatic p:       0       0      0   0.000   0.000      0.0000       1.000
 8 H-bonding potential                :       0       0      0   0.000   0.000      0.0000       1.000
 9 Distance restraints 1 (CA-CA)      :     568       0      0   0.165   0.165      8.3309       1.000
10 Distance restraints 2 (N-O)        :     469       0      0   0.328   0.328      12.489       1.000
11 Mainchain Phi dihedral restraints  :       0       0      0   0.000   0.000      0.0000       1.000
12 Mainchain Psi dihedral restraints  :       0       0      0   0.000   0.000      0.0000       1.000
13 Mainchain Omega dihedral restraints:      25       3      0  60.486  60.486      7.3801       1.000
14 Sidechain Chi_1 dihedral restraints:      21       0      0  60.772  60.772      1.1843       1.000
15 Sidechain Chi_2 dihedral restraints:      17       0      0  51.456  51.456      3.8655       1.000
16 Sidechain Chi_3 dihedral restraints:      10       0      0  74.965  74.965      8.4934       1.000
17 Sidechain Chi_4 dihedral restraints:       4       0      0 107.419 107.419      4.1716       1.000
18 Disulfide distance restraints      :       0       0      0   0.000   0.000      0.0000       1.000
19 Disulfide angle restraints         :       0       0      0   0.000   0.000      0.0000       1.000
20 Disulfide dihedral angle restraints:       0       0      0   0.000   0.000      0.0000       1.000
21 Lower bound distance restraints    :       0       0      0   0.000   0.000      0.0000       1.000
22 Upper bound distance restraints    :       0       0      0   0.000   0.000      0.0000       1.000
23 Distance restraints 3 (SDCH-MNCH)  :     293       0      0   0.894   0.894      5.1884       1.000
24 Sidechain Chi_5 dihedral restraints:       0       0      0   0.000   0.000      0.0000       1.000
25 Phi/Psi pair of dihedral restraints:      26       9      6  33.659  98.243      19.506       1.000
26 Distance restraints 4 (SDCH-SDCH)  :     276       0      0   0.361   0.361      2.8162       1.000
27 Distance restraints 5 (X-Y)        :       0       0      0   0.000   0.000      0.0000       1.000
28 NMR distance restraints 6 (X-Y)    :       0       0      0   0.000   0.000      0.0000       1.000
29 NMR distance restraints 7 (X-Y)    :       0       0      0   0.000   0.000      0.0000       1.000
30 Minimal distance restraints        :       0       0      0   0.000   0.000      0.0000       1.000
31 Non-bonded restraints              :       0       0      0   0.000   0.000      0.0000       1.000
32 Atomic accessibility restraints    :       0       0      0   0.000   0.000      0.0000       1.000
33 Atomic density restraints          :       0       0      0   0.000   0.000      0.0000       1.000
34 Absolute position restraints       :       0       0      0   0.000   0.000      0.0000       1.000
35 Dihedral angle difference restraint:       0       0      0   0.000   0.000      0.0000       1.000
36 GBSA implicit solvent potential    :       0       0      0   0.000   0.000      0.0000       1.000
37 EM density fitting potential       :       0       0      0   0.000   0.000      0.0000       1.000
38 SAXS restraints                    :       0       0      0   0.000   0.000      0.0000       1.000
39 Symmetry restraints                :       0       0      0   0.000   0.000      0.0000       1.000



openf___224_> Open           hFAK1_2j0j_al.V99990002
# Heavy relative violation of each residue is written to: hFAK1_2j0j_al.V99990002
# The profile is NOT normalized by the number of restraints.
# The profiles are smoothed over a window of residues:    1
# The sum of all numbers in the file:    4011.1724



List of the violated restraints:
   A restraint is violated when the relative difference
   from the best value (RVIOL) is larger than CUTOFF.

   ICSR   ... index of a restraint in the current set.
   RESNO  ... residue numbers of the first two atoms.
   ATM    ... IUPAC atom names of the first two atoms.
   FEAT   ... the value of the feature in the model.
   restr  ... the mean of the basis restraint with the smallest
              difference from the model (local minimum).
   viol   ... difference from the local minimum.
   rviol  ... relative difference from the local minimum.
   RESTR  ... the best value (global minimum).
   VIOL   ... difference from the best value.
   RVIOL  ... relative difference from the best value.


-------------------------------------------------------------------------------------------------

Feature 13                           : Mainchain Omega dihedral restraints     
List of the RVIOL violations larger than   :       4.5000

    #   ICSR  RESNO1/2 ATM1/2   INDATM1/2    FEAT   restr    viol   rviol   RESTR    VIOL   RVIOL
    1  18682 505Y 505Y CA  C    4084 4093   -4.10 -179.18  175.08   40.69 -179.18  175.08   40.69
    2  18683 506M 506M CA  C    4096 4101   -7.17 -179.18  172.01   39.97 -179.18  172.01   39.97

-------------------------------------------------------------------------------------------------

Feature 25                           : Phi/Psi pair of dihedral restraints     
List of the RVIOL violations larger than   :       6.5000

    #   ICSR  RESNO1/2 ATM1/2   INDATM1/2    FEAT   restr    viol   rviol   RESTR    VIOL   RVIOL
    1  18065 507E 508D C   N    4110 4112  -50.03  -96.50   49.58    2.04   54.50  118.59    9.96
    1        508D 508D N   CA   4112 4113   96.90  114.20                   40.90
    2  18066 508D 509S C   N    4118 4120  169.10 -136.60   82.82    2.78  -64.10  168.70   21.22
    2        509S 509S N   CA   4120 4121 -146.27  151.20                  -35.00
    3  18067 509S 510T C   N    4124 4126  -77.28  -78.10   11.29    0.51  -63.20  157.47   21.13
    3        510T 510T N   CA   4126 4127  161.06  149.80                  -42.10
    4  18068 510T 511Y C   N    4131 4133 -142.25 -124.30   33.97    1.34  -63.50  171.51   31.04
    4        511Y 511Y N   CA   4133 4134  164.24  135.40                  -43.40
    5  18070 512Y 513K C   N    4155 4157 -111.74 -118.00   91.81    4.54  -62.90  101.08   16.04
    5        513K 513K N   CA   4157 4158 -129.30  139.10                  -40.80
    6  18071 513K 514A C   N    4164 4166  -60.13  -68.20    8.08    0.67  -62.50  174.14   28.42
    6        514A 514A N   CA   4166 4167  144.98  145.30                  -40.90
    7  18072 514A 515S C   N    4169 4171 -149.15 -136.60   54.40    2.47  -64.10  147.79   16.85
    7        515S 515S N   CA   4171 4172 -155.87  151.20                  -35.00
    8  18073 515S 516K C   N    4175 4177   58.58   56.60    2.13    0.20  -62.90  144.70   25.22
    8        516K 516K N   CA   4177 4178   37.82   38.60                  -40.80
    9  18075 517G 518K C   N    4188 4190  -72.65  -70.20   11.87    0.92  -62.90  169.87   21.54
    9        518K 518K N   CA   4190 4191  128.79  140.40                  -40.80


report______> Distribution of short non-bonded contacts:

  serious non-bonded atom clash:   107  109   2.147
  serious non-bonded atom clash:   963 1175   2.115
  serious non-bonded atom clash:  1236 1681   2.276
  serious non-bonded atom clash:  1237 1680   1.835
  serious non-bonded atom clash:  1237 1685   1.730
  serious non-bonded atom clash:  1237 1687   1.713
  serious non-bonded atom clash:  1238 1680   1.336
  serious non-bonded atom clash:  1238 1681   1.609
  serious non-bonded atom clash:  1238 1685   2.142
  serious non-bonded atom clash:  1238 1687   2.292

DISTANCE1:  0.00 2.10 2.20 2.30 2.40 2.50 2.60 2.70 2.80 2.90 3.00 3.10 3.20 3.30 3.40
DISTANCE2:  2.10 2.20 2.30 2.40 2.50 2.60 2.70 2.80 2.90 3.00 3.10 3.20 3.30 3.40 3.50
FREQUENCY:     5    3    2    4    8   20   21   95  227  340  362  501  643  701  828


<< end of ENERGY.
openf___224_> Open           hFAK1_2j0j_al.B99990002.pdb
wrpdb___568_> Residues, atoms, selected atoms:      621     5037     5037
openf___224_> Open           hFAK1_2j0j_al.ini

Dynamically allocated memory at       amaxmodel [B,KiB,MiB]:     11281971   11017.550    10.759
read_mo_297_> Segments, residues, atoms:        1      621     5037
read_mo_298_> Segment:        1     1   621     5037
randomi_498_> Atoms,selected atoms,random_seed,amplitude:     5037      197        1        4.0000
randomi_496_> Amplitude is > 0; randomization is done.
pick_re_612_> Number of MODEL atoms, selected restraints;      197     1160
pick_re_612_> Number of MODEL atoms, selected restraints;      197     1261
pick_re_612_> Number of MODEL atoms, selected restraints;      197     1342
pick_re_612_> Number of MODEL atoms, selected restraints;      197     1434
pick_re_612_> Number of MODEL atoms, selected restraints;      197     1610
pick_re_612_> Number of MODEL atoms, selected restraints;      197     1715
pick_re_612_> Number of MODEL atoms, selected restraints;      197     2110
pick_re_612_> Number of MODEL atoms, selected restraints;      197     2244
pick_re_612_> Number of MODEL atoms, selected restraints;      197     2255
pick_re_612_> Number of MODEL atoms, selected restraints;      197     2265
pick_re_612_> Number of MODEL atoms, selected restraints;      197     2265
pick_re_612_> Number of MODEL atoms, selected restraints;      197     2422
pick_re_612_> Number of MODEL atoms, selected restraints;      197     2422
iupac_m_487_> NH1/2 swapped:     -180.0000       57    57
iupac_m_483_> CD1/2 CE1/2 swapped:      -91.0934       99    99
iupac_m_397W> Atoms were not swapped because of the uncertainty of how to handle the H atom.
iupac_m_484W> Dihedral still outside +-90:       90.3117
iupac_m_483_> CD1/2 CE1/2 swapped:      -93.1259      445   445
iupac_m_397W> Atoms were not swapped because of the uncertainty of how to handle the H atom.
iupac_m_484W> Dihedral still outside +-90:       91.2249
iupac_m_483_> CD1/2 CE1/2 swapped:       91.0896      512   512
iupac_m_397W> Atoms were not swapped because of the uncertainty of how to handle the H atom.


>> ENERGY; Differences between the model's features and restraints:
Number of all residues in MODEL                   :      621
Number of all, selected real atoms                :     5037     197
Number of all, selected pseudo atoms              :        0       0
Number of all static, selected restraints         :    60601    2422
COVALENT_CYS                                      :        F
NONBONDED_SEL_ATOMS                               :        1
Number of non-bonded pairs (excluding 1-2,1-3,1-4):      439
Dynamic pairs routine                             : 5, NATM_SEL x NATM double loop
Atomic shift for contacts update (UPDATE_DYNAMIC) :    0.390
LENNARD_JONES_SWITCH                              :    6.500   7.500
COULOMB_JONES_SWITCH                              :    6.500   7.500
RESIDUE_SPAN_RANGE                                :        0   99999
NLOGN_USE                                         :       15
CONTACT_SHELL                                     :    4.000
DYNAMIC_PAIRS,_SPHERE,_COULOMB,_LENNARD,_MODELLER :        T       T       F       F       F
SPHERE_STDV                                       :    0.050
RADII_FACTOR                                      :    0.820
Current energy                                    :         167.0241





Summary of the restraint violations: 

   NUM     ... number of restraints.
   NUMVI   ... number of restraints with RVIOL > VIOL_REPORT_CUT[i].
   RVIOL   ... relative difference from the best value.
   NUMVP   ... number of restraints with -Ln(pdf) > VIOL_REPORT_CUT2[i].
   RMS_1   ... RMS(feature, minimally_violated_basis_restraint, NUMB).
   RMS_2   ... RMS(feature, best_value, NUMB).
   MOL.PDF ... scaled contribution to -Ln(Molecular pdf).

 #                     RESTRAINT_GROUP      NUM   NUMVI  NUMVP   RMS_1   RMS_2         MOL.PDF     S_i
------------------------------------------------------------------------------------------------------
 1 Bond length potential              :     205       0      0   0.005   0.005      1.4508       1.000
 2 Bond angle potential               :     278       0      0   2.209   2.209      25.397       1.000
 3 Stereochemical cosine torsion poten:     145       0      3  46.573  46.573      49.272       1.000
 4 Stereochemical improper torsion pot:      85       0      0   1.101   1.101      2.5361       1.000
 5 Soft-sphere overlap restraints     :     439       0      0   0.003   0.003     0.47336       1.000
 6 Lennard-Jones 6-12 potential       :       0       0      0   0.000   0.000      0.0000       1.000
 7 Coulomb point-point electrostatic p:       0       0      0   0.000   0.000      0.0000       1.000
 8 H-bonding potential                :       0       0      0   0.000   0.000      0.0000       1.000
 9 Distance restraints 1 (CA-CA)      :     568       0      0   0.141   0.141      6.4925       1.000
10 Distance restraints 2 (N-O)        :     469       0      0   0.174   0.174      8.3655       1.000
11 Mainchain Phi dihedral restraints  :       0       0      0   0.000   0.000      0.0000       1.000
12 Mainchain Psi dihedral restraints  :       0       0      0   0.000   0.000      0.0000       1.000
13 Mainchain Omega dihedral restraints:      25       4      1  70.849  70.849      7.7186       1.000
14 Sidechain Chi_1 dihedral restraints:      21       0      0  67.630  67.630      8.6693       1.000
15 Sidechain Chi_2 dihedral restraints:      17       0      0  84.897  84.897      6.4105       1.000
16 Sidechain Chi_3 dihedral restraints:      10       0      0  30.541  30.541      4.6846       1.000
17 Sidechain Chi_4 dihedral restraints:       4       0      0  93.649  93.649      3.4972       1.000
18 Disulfide distance restraints      :       0       0      0   0.000   0.000      0.0000       1.000
19 Disulfide angle restraints         :       0       0      0   0.000   0.000      0.0000       1.000
20 Disulfide dihedral angle restraints:       0       0      0   0.000   0.000      0.0000       1.000
21 Lower bound distance restraints    :       0       0      0   0.000   0.000      0.0000       1.000
22 Upper bound distance restraints    :       0       0      0   0.000   0.000      0.0000       1.000
23 Distance restraints 3 (SDCH-MNCH)  :     293       0      0   0.438   0.438      2.3022       1.000
24 Sidechain Chi_5 dihedral restraints:       0       0      0   0.000   0.000      0.0000       1.000
25 Phi/Psi pair of dihedral restraints:      26       9      6  35.544 103.188      32.306       1.000
26 Distance restraints 4 (SDCH-SDCH)  :     276       0      0   0.556   0.556      7.4479       1.000
27 Distance restraints 5 (X-Y)        :       0       0      0   0.000   0.000      0.0000       1.000
28 NMR distance restraints 6 (X-Y)    :       0       0      0   0.000   0.000      0.0000       1.000
29 NMR distance restraints 7 (X-Y)    :       0       0      0   0.000   0.000      0.0000       1.000
30 Minimal distance restraints        :       0       0      0   0.000   0.000      0.0000       1.000
31 Non-bonded restraints              :       0       0      0   0.000   0.000      0.0000       1.000
32 Atomic accessibility restraints    :       0       0      0   0.000   0.000      0.0000       1.000
33 Atomic density restraints          :       0       0      0   0.000   0.000      0.0000       1.000
34 Absolute position restraints       :       0       0      0   0.000   0.000      0.0000       1.000
35 Dihedral angle difference restraint:       0       0      0   0.000   0.000      0.0000       1.000
36 GBSA implicit solvent potential    :       0       0      0   0.000   0.000      0.0000       1.000
37 EM density fitting potential       :       0       0      0   0.000   0.000      0.0000       1.000
38 SAXS restraints                    :       0       0      0   0.000   0.000      0.0000       1.000
39 Symmetry restraints                :       0       0      0   0.000   0.000      0.0000       1.000



openf___224_> Open           hFAK1_2j0j_al.V99990003
# Heavy relative violation of each residue is written to: hFAK1_2j0j_al.V99990003
# The profile is NOT normalized by the number of restraints.
# The profiles are smoothed over a window of residues:    1
# The sum of all numbers in the file:    4234.5889



List of the violated restraints:
   A restraint is violated when the relative difference
   from the best value (RVIOL) is larger than CUTOFF.

   ICSR   ... index of a restraint in the current set.
   RESNO  ... residue numbers of the first two atoms.
   ATM    ... IUPAC atom names of the first two atoms.
   FEAT   ... the value of the feature in the model.
   restr  ... the mean of the basis restraint with the smallest
              difference from the model (local minimum).
   viol   ... difference from the local minimum.
   rviol  ... relative difference from the local minimum.
   RESTR  ... the best value (global minimum).
   VIOL   ... difference from the best value.
   RVIOL  ... relative difference from the best value.


-------------------------------------------------------------------------------------------------

Feature 13                           : Mainchain Omega dihedral restraints     
List of the RVIOL violations larger than   :       4.5000

    #   ICSR  RESNO1/2 ATM1/2   INDATM1/2    FEAT   restr    viol   rviol   RESTR    VIOL   RVIOL
    1  18682 505Y 505Y CA  C    4084 4093   -2.62 -179.18  176.56   41.03 -179.18  176.56   41.03
    2  18683 506M 506M CA  C    4096 4101   -4.97 -179.18  174.21   40.49 -179.18  174.21   40.49
    3  18685 508D 508D CA  C    4113 4118   -0.48 -179.18  178.70   41.53 -179.18  178.70   41.53

-------------------------------------------------------------------------------------------------

Feature 25                           : Phi/Psi pair of dihedral restraints     
List of the RVIOL violations larger than   :       6.5000

    #   ICSR  RESNO1/2 ATM1/2   INDATM1/2    FEAT   restr    viol   rviol   RESTR    VIOL   RVIOL
    1  18066 508D 509S C   N    4118 4120 -136.74 -136.60   11.89    0.61  -64.10 -171.16   11.73
    1        509S 509S N   CA   4120 4121  139.31  151.20                  -35.00
    2  18067 509S 510T C   N    4124 4126 -131.54 -124.80   48.67    2.29  -63.20  153.45   16.34
    2        510T 510T N   CA   4126 4127   95.29  143.50                  -42.10
    3  18068 510T 511Y C   N    4131 4133 -154.59 -124.30   59.97    2.36  -63.50  158.28   29.33
    3        511Y 511Y N   CA   4133 4134 -172.84  135.40                  -43.40
    4  18069 511Y 512Y C   N    4143 4145  -86.46  -98.40   63.71    6.73  -63.50  111.60   16.59
    4        512Y 512Y N   CA   4145 4146   65.81  128.40                  -43.40
    5  18070 512Y 513K C   N    4155 4157 -140.78 -118.00   24.01    0.81  -62.90 -170.73   29.24
    5        513K 513K N   CA   4157 4158  146.69  139.10                  -40.80
    6  18071 513K 514A C   N    4164 4166  -73.16  -68.20    8.49    0.54  -62.50  167.25   27.94
    6        514A 514A N   CA   4166 4167  152.20  145.30                  -40.90
    7  18072 514A 515S C   N    4169 4171 -101.04  -72.40   35.27    2.84  -64.10  170.85   10.75
    7        515S 515S N   CA   4171 4172  131.81  152.40                  -35.00
    8  18074 516K 517G C   N    4184 4186 -177.35 -167.20   10.51    0.27   82.20 -168.23   13.74
    8        517G 517G N   CA   4186 4187  171.86  174.60                    8.50
    9  18075 517G 518K C   N    4188 4190  -74.97  -70.20   12.69    0.81  -62.90  167.48   22.43
    9        518K 518K N   CA   4190 4191  152.15  140.40                  -40.80


report______> Distribution of short non-bonded contacts:

  serious non-bonded atom clash:   107  109   2.147
  serious non-bonded atom clash:   963 1175   2.115
  serious non-bonded atom clash:  1236 1681   2.276
  serious non-bonded atom clash:  1237 1680   1.835
  serious non-bonded atom clash:  1237 1685   1.730
  serious non-bonded atom clash:  1237 1687   1.713
  serious non-bonded atom clash:  1238 1680   1.336
  serious non-bonded atom clash:  1238 1681   1.609
  serious non-bonded atom clash:  1238 1685   2.142
  serious non-bonded atom clash:  1238 1687   2.292

DISTANCE1:  0.00 2.10 2.20 2.30 2.40 2.50 2.60 2.70 2.80 2.90 3.00 3.10 3.20 3.30 3.40
DISTANCE2:  2.10 2.20 2.30 2.40 2.50 2.60 2.70 2.80 2.90 3.00 3.10 3.20 3.30 3.40 3.50
FREQUENCY:     5    3    2    4    8   18   22   97  233  334  363  506  641  707  826


<< end of ENERGY.
openf___224_> Open           hFAK1_2j0j_al.B99990003.pdb
wrpdb___568_> Residues, atoms, selected atoms:      621     5037     5037
openf___224_> Open           hFAK1_2j0j_al.ini

Dynamically allocated memory at       amaxmodel [B,KiB,MiB]:     11281971   11017.550    10.759
read_mo_297_> Segments, residues, atoms:        1      621     5037
read_mo_298_> Segment:        1     1   621     5037
randomi_498_> Atoms,selected atoms,random_seed,amplitude:     5037      197        1        4.0000
randomi_496_> Amplitude is > 0; randomization is done.
pick_re_612_> Number of MODEL atoms, selected restraints;      197     1160
pick_re_612_> Number of MODEL atoms, selected restraints;      197     1261
pick_re_612_> Number of MODEL atoms, selected restraints;      197     1342
pick_re_612_> Number of MODEL atoms, selected restraints;      197     1434
pick_re_612_> Number of MODEL atoms, selected restraints;      197     1610
pick_re_612_> Number of MODEL atoms, selected restraints;      197     1715
pick_re_612_> Number of MODEL atoms, selected restraints;      197     2110
pick_re_612_> Number of MODEL atoms, selected restraints;      197     2244
pick_re_612_> Number of MODEL atoms, selected restraints;      197     2255
pick_re_612_> Number of MODEL atoms, selected restraints;      197     2265
pick_re_612_> Number of MODEL atoms, selected restraints;      197     2265
pick_re_612_> Number of MODEL atoms, selected restraints;      197     2422
pick_re_612_> Number of MODEL atoms, selected restraints;      197     2422
iupac_m_487_> NH1/2 swapped:     -180.0000       57    57
iupac_m_483_> CD1/2 CE1/2 swapped:      -91.0934       99    99
iupac_m_397W> Atoms were not swapped because of the uncertainty of how to handle the H atom.
iupac_m_484W> Dihedral still outside +-90:       90.3117
iupac_m_483_> CD1/2 CE1/2 swapped:      -93.1259      445   445
iupac_m_397W> Atoms were not swapped because of the uncertainty of how to handle the H atom.
iupac_m_484W> Dihedral still outside +-90:       91.2249
iupac_m_486_> OE1/2 will be swapped:      -93.9997      507   507


>> ENERGY; Differences between the model's features and restraints:
Number of all residues in MODEL                   :      621
Number of all, selected real atoms                :     5037     197
Number of all, selected pseudo atoms              :        0       0
Number of all static, selected restraints         :    60601    2422
COVALENT_CYS                                      :        F
NONBONDED_SEL_ATOMS                               :        1
Number of non-bonded pairs (excluding 1-2,1-3,1-4):      410
Dynamic pairs routine                             : 5, NATM_SEL x NATM double loop
Atomic shift for contacts update (UPDATE_DYNAMIC) :    0.390
LENNARD_JONES_SWITCH                              :    6.500   7.500
COULOMB_JONES_SWITCH                              :    6.500   7.500
RESIDUE_SPAN_RANGE                                :        0   99999
NLOGN_USE                                         :       15
CONTACT_SHELL                                     :    4.000
DYNAMIC_PAIRS,_SPHERE,_COULOMB,_LENNARD,_MODELLER :        T       T       F       F       F
SPHERE_STDV                                       :    0.050
RADII_FACTOR                                      :    0.820
Current energy                                    :         157.4158





Summary of the restraint violations: 

   NUM     ... number of restraints.
   NUMVI   ... number of restraints with RVIOL > VIOL_REPORT_CUT[i].
   RVIOL   ... relative difference from the best value.
   NUMVP   ... number of restraints with -Ln(pdf) > VIOL_REPORT_CUT2[i].
   RMS_1   ... RMS(feature, minimally_violated_basis_restraint, NUMB).
   RMS_2   ... RMS(feature, best_value, NUMB).
   MOL.PDF ... scaled contribution to -Ln(Molecular pdf).

 #                     RESTRAINT_GROUP      NUM   NUMVI  NUMVP   RMS_1   RMS_2         MOL.PDF     S_i
------------------------------------------------------------------------------------------------------
 1 Bond length potential              :     205       0      0   0.005   0.005      1.5571       1.000
 2 Bond angle potential               :     278       0      0   2.351   2.351      28.508       1.000
 3 Stereochemical cosine torsion poten:     145       0      7  50.423  50.423      57.706       1.000
 4 Stereochemical improper torsion pot:      85       0      0   1.079   1.079      2.5628       1.000
 5 Soft-sphere overlap restraints     :     410       0      0   0.004   0.004     0.64126       1.000
 6 Lennard-Jones 6-12 potential       :       0       0      0   0.000   0.000      0.0000       1.000
 7 Coulomb point-point electrostatic p:       0       0      0   0.000   0.000      0.0000       1.000
 8 H-bonding potential                :       0       0      0   0.000   0.000      0.0000       1.000
 9 Distance restraints 1 (CA-CA)      :     568       0      0   0.126   0.126      4.7352       1.000
10 Distance restraints 2 (N-O)        :     469       0      0   0.198   0.198      8.5998       1.000
11 Mainchain Phi dihedral restraints  :       0       0      0   0.000   0.000      0.0000       1.000
12 Mainchain Psi dihedral restraints  :       0       0      0   0.000   0.000      0.0000       1.000
13 Mainchain Omega dihedral restraints:      25       3      2  60.182  60.182      10.556       1.000
14 Sidechain Chi_1 dihedral restraints:      21       0      0  61.899  61.899      2.4201       1.000
15 Sidechain Chi_2 dihedral restraints:      17       0      0  59.855  59.855      2.6264       1.000
16 Sidechain Chi_3 dihedral restraints:      10       0      0  76.652  76.652      5.8961       1.000
17 Sidechain Chi_4 dihedral restraints:       4       0      0  94.725  94.725      3.0457       1.000
18 Disulfide distance restraints      :       0       0      0   0.000   0.000      0.0000       1.000
19 Disulfide angle restraints         :       0       0      0   0.000   0.000      0.0000       1.000
20 Disulfide dihedral angle restraints:       0       0      0   0.000   0.000      0.0000       1.000
21 Lower bound distance restraints    :       0       0      0   0.000   0.000      0.0000       1.000
22 Upper bound distance restraints    :       0       0      0   0.000   0.000      0.0000       1.000
23 Distance restraints 3 (SDCH-MNCH)  :     293       0      0   0.702   0.702      3.1612       1.000
24 Sidechain Chi_5 dihedral restraints:       0       0      0   0.000   0.000      0.0000       1.000
25 Phi/Psi pair of dihedral restraints:      26      10      4  29.963 113.047      21.616       1.000
26 Distance restraints 4 (SDCH-SDCH)  :     276       0      0   0.421   0.421      3.7846       1.000
27 Distance restraints 5 (X-Y)        :       0       0      0   0.000   0.000      0.0000       1.000
28 NMR distance restraints 6 (X-Y)    :       0       0      0   0.000   0.000      0.0000       1.000
29 NMR distance restraints 7 (X-Y)    :       0       0      0   0.000   0.000      0.0000       1.000
30 Minimal distance restraints        :       0       0      0   0.000   0.000      0.0000       1.000
31 Non-bonded restraints              :       0       0      0   0.000   0.000      0.0000       1.000
32 Atomic accessibility restraints    :       0       0      0   0.000   0.000      0.0000       1.000
33 Atomic density restraints          :       0       0      0   0.000   0.000      0.0000       1.000
34 Absolute position restraints       :       0       0      0   0.000   0.000      0.0000       1.000
35 Dihedral angle difference restraint:       0       0      0   0.000   0.000      0.0000       1.000
36 GBSA implicit solvent potential    :       0       0      0   0.000   0.000      0.0000       1.000
37 EM density fitting potential       :       0       0      0   0.000   0.000      0.0000       1.000
38 SAXS restraints                    :       0       0      0   0.000   0.000      0.0000       1.000
39 Symmetry restraints                :       0       0      0   0.000   0.000      0.0000       1.000



openf___224_> Open           hFAK1_2j0j_al.V99990004
# Heavy relative violation of each residue is written to: hFAK1_2j0j_al.V99990004
# The profile is NOT normalized by the number of restraints.
# The profiles are smoothed over a window of residues:    1
# The sum of all numbers in the file:    4239.0508



List of the violated restraints:
   A restraint is violated when the relative difference
   from the best value (RVIOL) is larger than CUTOFF.

   ICSR   ... index of a restraint in the current set.
   RESNO  ... residue numbers of the first two atoms.
   ATM    ... IUPAC atom names of the first two atoms.
   FEAT   ... the value of the feature in the model.
   restr  ... the mean of the basis restraint with the smallest
              difference from the model (local minimum).
   viol   ... difference from the local minimum.
   rviol  ... relative difference from the local minimum.
   RESTR  ... the best value (global minimum).
   VIOL   ... difference from the best value.
   RVIOL  ... relative difference from the best value.


-------------------------------------------------------------------------------------------------

Feature 13                           : Mainchain Omega dihedral restraints     
List of the RVIOL violations larger than   :       4.5000

    #   ICSR  RESNO1/2 ATM1/2   INDATM1/2    FEAT   restr    viol   rviol   RESTR    VIOL   RVIOL
    1  18682 505Y 505Y CA  C    4084 4093   -4.52 -179.18  174.67   40.59 -179.18  174.67   40.59
    2  18683 506M 506M CA  C    4096 4101   -9.94 -179.18  169.24   39.33 -179.18  169.24   39.33

-------------------------------------------------------------------------------------------------

Feature 25                           : Phi/Psi pair of dihedral restraints     
List of the RVIOL violations larger than   :       6.5000

    #   ICSR  RESNO1/2 ATM1/2   INDATM1/2    FEAT   restr    viol   rviol   RESTR    VIOL   RVIOL
    1  18066 508D 509S C   N    4118 4120  131.44 -136.60   91.97    3.69  -64.10 -119.52   29.22
    1        509S 509S N   CA   4120 4121  149.54  151.20                  -35.00
    2  18067 509S 510T C   N    4124 4126 -127.32 -124.80    3.93    0.12  -63.20 -177.01   27.71
    2        510T 510T N   CA   4126 4127  146.51  143.50                  -42.10
    3  18068 510T 511Y C   N    4131 4133 -118.24  -98.40   37.62    3.39  -63.50  150.17   21.38
    3        511Y 511Y N   CA   4133 4134   96.44  128.40                  -43.40
    4  18069 511Y 512Y C   N    4143 4145 -130.32 -124.30   56.15    3.23  -63.50  139.96   19.50
    4        512Y 512Y N   CA   4145 4146   79.58  135.40                  -43.40
    5  18070 512Y 513K C   N    4155 4157   47.62   56.60    9.34    1.18  -62.90  134.60   23.41
    5        513K 513K N   CA   4157 4158   36.02   38.60                  -40.80
    6  18071 513K 514A C   N    4164 4166  -81.69  -68.20   23.04    1.46  -62.50  156.31   26.60
    6        514A 514A N   CA   4166 4167  163.97  145.30                  -40.90
    7  18072 514A 515S C   N    4169 4171  -81.03  -72.40   22.61    1.08  -64.10  152.64   12.15
    7        515S 515S N   CA   4171 4172  173.30  152.40                  -35.00
    8  18073 515S 516K C   N    4175 4177  -63.87  -70.20    6.44    0.50  -62.90  177.61   23.12
    8        516K 516K N   CA   4177 4178  141.59  140.40                  -40.80
    9  18074 516K 517G C   N    4184 4186  -89.54  -80.20    9.37    0.60   82.20 -120.92    7.61
    9        517G 517G N   CA   4186 4187  174.83  174.10                    8.50
   10  18075 517G 518K C   N    4188 4190 -157.49 -118.00   41.51    1.40  -62.90 -167.81   30.60
   10        518K 518K N   CA   4190 4191  151.90  139.10                  -40.80


report______> Distribution of short non-bonded contacts:

  serious non-bonded atom clash:   107  109   2.147
  serious non-bonded atom clash:   963 1175   2.115
  serious non-bonded atom clash:  1236 1681   2.276
  serious non-bonded atom clash:  1237 1680   1.835
  serious non-bonded atom clash:  1237 1685   1.730
  serious non-bonded atom clash:  1237 1687   1.713
  serious non-bonded atom clash:  1238 1680   1.336
  serious non-bonded atom clash:  1238 1681   1.609
  serious non-bonded atom clash:  1238 1685   2.142
  serious non-bonded atom clash:  1238 1687   2.292

DISTANCE1:  0.00 2.10 2.20 2.30 2.40 2.50 2.60 2.70 2.80 2.90 3.00 3.10 3.20 3.30 3.40
DISTANCE2:  2.10 2.20 2.30 2.40 2.50 2.60 2.70 2.80 2.90 3.00 3.10 3.20 3.30 3.40 3.50
FREQUENCY:     5    3    2    4    8   19   23   96  229  334  370  493  639  703  823


<< end of ENERGY.
openf___224_> Open           hFAK1_2j0j_al.B99990004.pdb
wrpdb___568_> Residues, atoms, selected atoms:      621     5037     5037
openf___224_> Open           hFAK1_2j0j_al.ini

Dynamically allocated memory at       amaxmodel [B,KiB,MiB]:     11281971   11017.550    10.759
read_mo_297_> Segments, residues, atoms:        1      621     5037
read_mo_298_> Segment:        1     1   621     5037
randomi_498_> Atoms,selected atoms,random_seed,amplitude:     5037      197        1        4.0000
randomi_496_> Amplitude is > 0; randomization is done.
pick_re_612_> Number of MODEL atoms, selected restraints;      197     1160
pick_re_612_> Number of MODEL atoms, selected restraints;      197     1261
pick_re_612_> Number of MODEL atoms, selected restraints;      197     1342
pick_re_612_> Number of MODEL atoms, selected restraints;      197     1434
pick_re_612_> Number of MODEL atoms, selected restraints;      197     1610
pick_re_612_> Number of MODEL atoms, selected restraints;      197     1715
pick_re_612_> Number of MODEL atoms, selected restraints;      197     2110
pick_re_612_> Number of MODEL atoms, selected restraints;      197     2244
pick_re_612_> Number of MODEL atoms, selected restraints;      197     2255
pick_re_612_> Number of MODEL atoms, selected restraints;      197     2265
pick_re_612_> Number of MODEL atoms, selected restraints;      197     2265
pick_re_612_> Number of MODEL atoms, selected restraints;      197     2422
pick_re_612_> Number of MODEL atoms, selected restraints;      197     2422
iupac_m_487_> NH1/2 swapped:     -180.0000       57    57
iupac_m_483_> CD1/2 CE1/2 swapped:      -91.0934       99    99
iupac_m_397W> Atoms were not swapped because of the uncertainty of how to handle the H atom.
iupac_m_484W> Dihedral still outside +-90:       90.3117
iupac_m_483_> CD1/2 CE1/2 swapped:      -93.1259      445   445
iupac_m_397W> Atoms were not swapped because of the uncertainty of how to handle the H atom.
iupac_m_484W> Dihedral still outside +-90:       91.2249
iupac_m_483_> CD1/2 CE1/2 swapped:      106.2459      512   512
iupac_m_397W> Atoms were not swapped because of the uncertainty of how to handle the H atom.


>> ENERGY; Differences between the model's features and restraints:
Number of all residues in MODEL                   :      621
Number of all, selected real atoms                :     5037     197
Number of all, selected pseudo atoms              :        0       0
Number of all static, selected restraints         :    60601    2422
COVALENT_CYS                                      :        F
NONBONDED_SEL_ATOMS                               :        1
Number of non-bonded pairs (excluding 1-2,1-3,1-4):      453
Dynamic pairs routine                             : 5, NATM_SEL x NATM double loop
Atomic shift for contacts update (UPDATE_DYNAMIC) :    0.390
LENNARD_JONES_SWITCH                              :    6.500   7.500
COULOMB_JONES_SWITCH                              :    6.500   7.500
RESIDUE_SPAN_RANGE                                :        0   99999
NLOGN_USE                                         :       15
CONTACT_SHELL                                     :    4.000
DYNAMIC_PAIRS,_SPHERE,_COULOMB,_LENNARD,_MODELLER :        T       T       F       F       F
SPHERE_STDV                                       :    0.050
RADII_FACTOR                                      :    0.820
Current energy                                    :         146.8521





Summary of the restraint violations: 

   NUM     ... number of restraints.
   NUMVI   ... number of restraints with RVIOL > VIOL_REPORT_CUT[i].
   RVIOL   ... relative difference from the best value.
   NUMVP   ... number of restraints with -Ln(pdf) > VIOL_REPORT_CUT2[i].
   RMS_1   ... RMS(feature, minimally_violated_basis_restraint, NUMB).
   RMS_2   ... RMS(feature, best_value, NUMB).
   MOL.PDF ... scaled contribution to -Ln(Molecular pdf).

 #                     RESTRAINT_GROUP      NUM   NUMVI  NUMVP   RMS_1   RMS_2         MOL.PDF     S_i
------------------------------------------------------------------------------------------------------
 1 Bond length potential              :     205       0      0   0.004   0.004      1.1181       1.000
 2 Bond angle potential               :     278       0      0   2.081   2.081      23.195       1.000
 3 Stereochemical cosine torsion poten:     145       0      6  47.439  47.439      53.636       1.000
 4 Stereochemical improper torsion pot:      85       0      0   1.185   1.185      2.8910       1.000
 5 Soft-sphere overlap restraints     :     453       0      0   0.002   0.002     0.21930       1.000
 6 Lennard-Jones 6-12 potential       :       0       0      0   0.000   0.000      0.0000       1.000
 7 Coulomb point-point electrostatic p:       0       0      0   0.000   0.000      0.0000       1.000
 8 H-bonding potential                :       0       0      0   0.000   0.000      0.0000       1.000
 9 Distance restraints 1 (CA-CA)      :     568       0      0   0.181   0.181      11.391       1.000
10 Distance restraints 2 (N-O)        :     469       0      0   0.190   0.190      9.9293       1.000
11 Mainchain Phi dihedral restraints  :       0       0      0   0.000   0.000      0.0000       1.000
12 Mainchain Psi dihedral restraints  :       0       0      0   0.000   0.000      0.0000       1.000
13 Mainchain Omega dihedral restraints:      25       3      2  59.797  59.797      7.8452       1.000
14 Sidechain Chi_1 dihedral restraints:      21       0      0  62.210  62.210      3.1517       1.000
15 Sidechain Chi_2 dihedral restraints:      17       0      0  72.327  72.327      3.3112       1.000
16 Sidechain Chi_3 dihedral restraints:      10       0      0  42.858  42.858      4.6884       1.000
17 Sidechain Chi_4 dihedral restraints:       4       0      0  95.248  95.248      3.3683       1.000
18 Disulfide distance restraints      :       0       0      0   0.000   0.000      0.0000       1.000
19 Disulfide angle restraints         :       0       0      0   0.000   0.000      0.0000       1.000
20 Disulfide dihedral angle restraints:       0       0      0   0.000   0.000      0.0000       1.000
21 Lower bound distance restraints    :       0       0      0   0.000   0.000      0.0000       1.000
22 Upper bound distance restraints    :       0       0      0   0.000   0.000      0.0000       1.000
23 Distance restraints 3 (SDCH-MNCH)  :     293       0      0   0.635   0.635      3.8481       1.000
24 Sidechain Chi_5 dihedral restraints:       0       0      0   0.000   0.000      0.0000       1.000
25 Phi/Psi pair of dihedral restraints:      26       8      4  38.867 101.677      15.083       1.000
26 Distance restraints 4 (SDCH-SDCH)  :     276       0      0   0.394   0.394      3.1754       1.000
27 Distance restraints 5 (X-Y)        :       0       0      0   0.000   0.000      0.0000       1.000
28 NMR distance restraints 6 (X-Y)    :       0       0      0   0.000   0.000      0.0000       1.000
29 NMR distance restraints 7 (X-Y)    :       0       0      0   0.000   0.000      0.0000       1.000
30 Minimal distance restraints        :       0       0      0   0.000   0.000      0.0000       1.000
31 Non-bonded restraints              :       0       0      0   0.000   0.000      0.0000       1.000
32 Atomic accessibility restraints    :       0       0      0   0.000   0.000      0.0000       1.000
33 Atomic density restraints          :       0       0      0   0.000   0.000      0.0000       1.000
34 Absolute position restraints       :       0       0      0   0.000   0.000      0.0000       1.000
35 Dihedral angle difference restraint:       0       0      0   0.000   0.000      0.0000       1.000
36 GBSA implicit solvent potential    :       0       0      0   0.000   0.000      0.0000       1.000
37 EM density fitting potential       :       0       0      0   0.000   0.000      0.0000       1.000
38 SAXS restraints                    :       0       0      0   0.000   0.000      0.0000       1.000
39 Symmetry restraints                :       0       0      0   0.000   0.000      0.0000       1.000



openf___224_> Open           hFAK1_2j0j_al.V99990005
# Heavy relative violation of each residue is written to: hFAK1_2j0j_al.V99990005
# The profile is NOT normalized by the number of restraints.
# The profiles are smoothed over a window of residues:    1
# The sum of all numbers in the file:    3879.8279



List of the violated restraints:
   A restraint is violated when the relative difference
   from the best value (RVIOL) is larger than CUTOFF.

   ICSR   ... index of a restraint in the current set.
   RESNO  ... residue numbers of the first two atoms.
   ATM    ... IUPAC atom names of the first two atoms.
   FEAT   ... the value of the feature in the model.
   restr  ... the mean of the basis restraint with the smallest
              difference from the model (local minimum).
   viol   ... difference from the local minimum.
   rviol  ... relative difference from the local minimum.
   RESTR  ... the best value (global minimum).
   VIOL   ... difference from the best value.
   RVIOL  ... relative difference from the best value.


-------------------------------------------------------------------------------------------------

Feature 13                           : Mainchain Omega dihedral restraints     
List of the RVIOL violations larger than   :       4.5000

    #   ICSR  RESNO1/2 ATM1/2   INDATM1/2    FEAT   restr    viol   rviol   RESTR    VIOL   RVIOL
    1  18682 505Y 505Y CA  C    4084 4093   -5.43 -179.18  173.76   40.38 -179.18  173.76   40.38
    2  18683 506M 506M CA  C    4096 4101  -11.68 -179.18  167.51   38.93 -179.18  167.51   38.93

-------------------------------------------------------------------------------------------------

Feature 25                           : Phi/Psi pair of dihedral restraints     
List of the RVIOL violations larger than   :       6.5000

    #   ICSR  RESNO1/2 ATM1/2   INDATM1/2    FEAT   restr    viol   rviol   RESTR    VIOL   RVIOL
    1  18066 508D 509S C   N    4118 4120  170.56 -136.60   59.22    1.82  -64.10 -166.76   23.02
    1        509S 509S N   CA   4120 4121  177.92  151.20                  -35.00
    2  18067 509S 510T C   N    4124 4126  -93.45  -78.10   54.94    2.87  -63.20  142.40   16.44
    2        510T 510T N   CA   4126 4127   97.05  149.80                  -42.10
    3  18068 510T 511Y C   N    4131 4133 -114.34  -98.40   19.02    1.20  -63.50  169.23   24.49
    3        511Y 511Y N   CA   4133 4134  118.02  128.40                  -43.40
    4  18069 511Y 512Y C   N    4143 4145   82.17 -124.30  153.79   11.28  -63.50 -134.43   31.15
    4        512Y 512Y N   CA   4145 4146  144.38  135.40                  -43.40
    5  18072 514A 515S C   N    4169 4171 -114.08 -136.60   27.03    0.82  -64.10  178.38   11.02
    5        515S 515S N   CA   4171 4172  136.24  151.20                  -35.00
    6  18073 515S 516K C   N    4175 4177 -144.92 -118.00   31.49    1.05  -62.90 -176.85   28.69
    6        516K 516K N   CA   4177 4178  155.44  139.10                  -40.80
    7  18074 516K 517G C   N    4184 4186 -176.88 -167.20   28.64    1.18   82.20  171.89   12.66
    7        517G 517G N   CA   4186 4187  147.65  174.60                    8.50
    8  18075 517G 518K C   N    4188 4190 -117.29 -118.00   13.47    0.66  -62.90  175.30   26.00
    8        518K 518K N   CA   4190 4191  152.55  139.10                  -40.80


report______> Distribution of short non-bonded contacts:

  serious non-bonded atom clash:   107  109   2.147
  serious non-bonded atom clash:   963 1175   2.115
  serious non-bonded atom clash:  1236 1681   2.276
  serious non-bonded atom clash:  1237 1680   1.835
  serious non-bonded atom clash:  1237 1685   1.730
  serious non-bonded atom clash:  1237 1687   1.713
  serious non-bonded atom clash:  1238 1680   1.336
  serious non-bonded atom clash:  1238 1681   1.609
  serious non-bonded atom clash:  1238 1685   2.142
  serious non-bonded atom clash:  1238 1687   2.292

DISTANCE1:  0.00 2.10 2.20 2.30 2.40 2.50 2.60 2.70 2.80 2.90 3.00 3.10 3.20 3.30 3.40
DISTANCE2:  2.10 2.20 2.30 2.40 2.50 2.60 2.70 2.80 2.90 3.00 3.10 3.20 3.30 3.40 3.50
FREQUENCY:     5    3    2    4    8   20   23  100  227  338  368  501  641  699  835


<< end of ENERGY.
openf___224_> Open           hFAK1_2j0j_al.B99990005.pdb
wrpdb___568_> Residues, atoms, selected atoms:      621     5037     5037

>> Summary of successfully produced models:
Filename                          molpdf
----------------------------------------
hFAK1_2j0j_al.B99990001.pdb      171.91702
hFAK1_2j0j_al.B99990002.pdb      151.00092
hFAK1_2j0j_al.B99990003.pdb      167.02411
hFAK1_2j0j_al.B99990004.pdb      157.41576
hFAK1_2j0j_al.B99990005.pdb      146.85210


Dynamically allocated memory at          finish [B,KiB,MiB]:     11281947   11017.526    10.759
Starting time                                            : 2020/05/28 23:37:50
Closing time                                             : 2020/05/28 23:38:43
Total CPU time [seconds]                                 :      52.94
